2025-03-28 01:50:59.231: [INFO] VisibilityChanged: 0
2025-03-28 01:50:59.438: [INFO] RecordSyncInitDurationhas_sync_been_enabled: 0 state: 0
2025-03-28 01:50:59.438: [INFO] RecordSyncInitDurationhas_sync_been_enabled: 0 state: 0
2025-03-28 01:50:59.440: [INFO] RecordSyncInitDurationhas_sync_been_enabled: 0 state: 0
2025-03-28 01:50:59.441: [INFO] RecordSyncInitDurationhas_sync_been_enabled: 0 state: 0
2025-03-28 01:50:59.442: [INFO] RecordSyncInitDurationhas_sync_been_enabled: 0 state: 0
2025-03-28 01:50:59.443: [INFO] RecordSyncInitDurationhas_sync_been_enabled: 0 state: 0
2025-03-28 01:50:59.443: [INFO] RecordSyncInitDurationhas_sync_been_enabled: 0 state: 0
2025-03-28 01:50:59.444: [INFO] RecordSyncInitDurationhas_sync_been_enabled: 0 state: 0
2025-03-28 01:50:59.444: [INFO] RecordSyncInitDurationhas_sync_been_enabled: 0 state: 0
2025-03-28 01:50:59.445: [INFO] RecordSyncInitDurationhas_sync_been_enabled: 0 state: 0
2025-03-28 01:50:59.445: [INFO] RecordSyncInitDurationhas_sync_been_enabled: 0 state: 0
2025-03-28 01:50:59.479: [INFO] BookmarkModelLoaded, ids_reassigned: 0
2025-03-28 01:50:59.479: [INFO] OnDoneLoading sync enabled: 0
2025-03-28 01:50:59.488: [INFO] RecordSyncInitDurationhas_sync_been_enabled: 0 state: 0
2025-03-28 01:51:02.238: [INFO] RecordSyncInitDurationhas_sync_been_enabled: 0 state: 3
2025-03-28 01:51:02.246: [INFO] Primary account changed.
2025-03-28 01:51:02.246: [INFO] OnPrimaryAccountChangedPrimaryAccountChangeEvent::Type::kSet
2025-03-28 01:51:02.252: [INFO] RecordSyncInitDurationhas_sync_been_enabled: 0 state: 3
2025-03-28 01:51:11.464: [INFO] BookmarkNodeAdded, ABU: 0
2025-03-28 01:51:11.465: [INFO] BookmarkNodeAdded, ABU: 0
2025-03-28 01:51:12.801: [INFO] Sync initialization duration: 9033ms
2025-03-28 02:57:45.219: [INFO] VisibilityChanged: 0
2025-03-28 02:57:45.512: [INFO] BookmarkModelLoaded, ids_reassigned: 0
2025-03-28 02:57:45.512: [INFO] OnDoneLoading sync enabled: 1
2025-03-28 02:57:54.251: [INFO] Sync initialization duration: 6129ms
2025-04-05 19:48:14.464: [INFO] VisibilityChanged: 0
2025-04-05 19:48:14.639: [INFO] BookmarkModelLoaded, ids_reassigned: 0
2025-04-05 19:48:14.639: [INFO] OnDoneLoading sync enabled: 1
2025-04-05 19:48:30.382: [INFO] Sync initialization duration: 11209ms
2025-04-14 03:56:39.847: [INFO] VisibilityChanged: 0
2025-04-14 03:56:40.134: [INFO] BookmarkModelLoaded, ids_reassigned: 0
2025-04-14 03:56:40.134: [INFO] OnDoneLoading sync enabled: 1
2025-04-14 03:56:51.702: [INFO] Sync initialization duration: 7864ms
2025-04-17 16:15:43.821: [INFO] VisibilityChanged: 0
2025-04-17 16:15:44.163: [INFO] BookmarkModelLoaded, ids_reassigned: 0
2025-04-17 16:15:44.163: [INFO] OnDoneLoading sync enabled: 1
2025-04-17 16:15:49.783: [INFO] Sync initialization duration: 3079ms
2025-04-17 17:04:04.919: [INFO] VisibilityChanged: 0
2025-04-17 17:04:05.386: [INFO] BookmarkModelLoaded, ids_reassigned: 0
2025-04-17 17:04:05.386: [INFO] OnDoneLoading sync enabled: 1
2025-04-17 17:04:13.598: [INFO] Sync initialization duration: 5199ms
2025-04-20 14:45:35.335: [INFO] VisibilityChanged: 0
2025-04-20 14:45:36.098: [INFO] BookmarkModelLoaded, ids_reassigned: 0
2025-04-20 14:45:36.098: [INFO] OnDoneLoading sync enabled: 1
2025-04-20 14:45:48.972: [INFO] Sync initialization duration: 7694ms
2025-04-20 18:46:18.791: [INFO] VisibilityChanged: 0
2025-04-20 18:46:18.930: [INFO] BookmarkModelLoaded, ids_reassigned: 0
2025-04-20 18:46:18.930: [INFO] OnDoneLoading sync enabled: 1
2025-04-20 18:47:33.086: [INFO] Sync initialization duration: 72891ms
2025-04-21 00:03:27.396: [INFO] VisibilityChanged: 0
2025-04-21 00:03:27.676: [INFO] BookmarkModelLoaded, ids_reassigned: 0
2025-04-21 00:03:27.677: [INFO] OnDoneLoading sync enabled: 1
2025-04-21 00:03:36.308: [INFO] Sync initialization duration: 4963ms
2025-04-21 03:11:36.218: [INFO] VisibilityChanged: 0
2025-04-21 03:11:36.433: [INFO] BookmarkModelLoaded, ids_reassigned: 0
2025-04-21 03:11:36.434: [INFO] OnDoneLoading sync enabled: 1
2025-04-21 03:11:43.156: [INFO] Sync initialization duration: 3427ms
2025-04-21 16:43:20.047: [INFO] VisibilityChanged: 0
2025-04-21 16:43:20.797: [INFO] BookmarkModelLoaded, ids_reassigned: 0
2025-04-21 16:43:20.797: [INFO] OnDoneLoading sync enabled: 1
2025-04-21 16:43:33.672: [INFO] Sync initialization duration: 9411ms
2025-04-21 18:12:07.204: [INFO] VisibilityChanged: 0
2025-04-21 18:12:07.495: [INFO] BookmarkModelLoaded, ids_reassigned: 0
2025-04-21 18:12:07.495: [INFO] OnDoneLoading sync enabled: 1
2025-04-21 18:12:13.371: [INFO] Sync initialization duration: 3098ms
2025-04-22 02:31:40.447: [INFO] VisibilityChanged: 0
2025-04-22 02:31:40.701: [INFO] BookmarkModelLoaded, ids_reassigned: 0
2025-04-22 02:31:40.701: [INFO] OnDoneLoading sync enabled: 1
2025-04-22 02:31:46.865: [INFO] Sync initialization duration: 3381ms
2025-04-22 04:08:20.572: [INFO] VisibilityChanged: 0
2025-04-22 04:08:20.740: [INFO] BookmarkModelLoaded, ids_reassigned: 0
2025-04-22 04:08:20.740: [INFO] OnDoneLoading sync enabled: 1
2025-04-22 04:08:28.531: [INFO] Sync initialization duration: 5244ms
2025-04-24 17:26:09.729: [INFO] VisibilityChanged: 0
2025-04-24 17:26:10.002: [INFO] BookmarkModelLoaded, ids_reassigned: 0
2025-04-24 17:26:10.002: [INFO] OnDoneLoading sync enabled: 1
2025-04-24 17:26:20.515: [INFO] Sync initialization duration: 6922ms
