Contributing types: History}
{"logTime": "0420/145102", "correlationVector":"2msowOOt439KA/9g4pbASE.1","action":"SyncServerConnectionManagerRequest", "result":"SYNC_SERVER_OK", "context":{"environment":"Prod_southindia_prod-s01-004-apac-southindia", "migrationStage":"NotStarted", "server":"akswtt01100005e"}}
{"logTime": "0420/145102", "correlationVector":"2msowOOt439KA/9g4pbASE.2","action":"Commit Response", "result":"Success", "context":Result: Success. cV=2msowOOt439KA/9g4pbASE.0;server=akswtt01100005e;cloudType=Consumer;environment=Prod_southindia_prod-s01-004-apac-southindia;migrationStage=NotStarted}
{"logTime": "0420/145220", "correlationVector":"MMST9to0IHLaZAve7VGjBi","action":"Normal GetUpdate request", "result":"", "context":cV=MMST9to0IHLaZAve7VGjBi
Notified types: History}
{"logTime": "0420/145220", "correlationVector":"MMST9to0IHLaZAve7VGjBi.1","action":"SyncServerConnectionManagerRequest", "result":"SYNC_SERVER_OK", "context":{"environment":"Prod_southindia_prod-s01-004-apac-southindia", "migrationStage":"NotStarted", "server":"akswtt011000031"}}
{"logTime": "0420/145220", "correlationVector":"MMST9to0IHLaZAve7VGjBi.2","action":"ProcessGetUpdates", "result":"Done", "context":{"dataType":"Sessions", "deleted":"0", "process_failed_to_decrypt":"0", "process_pending_decryption":"0", "process_success":"2", "total":"2"}}
{"logTime": "0420/145220", "correlationVector":"MMST9to0IHLaZAve7VGjBi.3","action":"ProcessGetUpdates", "result":"Done", "context":{"dataType":"Device Info", "deleted":"0", "process_failed_to_decrypt":"0", "process_pending_decryption":"0", "process_success":"1", "total":"1"}}
{"logTime": "0420/145220", "correlationVector":"MMST9to0IHLaZAve7VGjBi.4","action":"ProcessGetUpdates", "result":"Done", "context":{"dataType":"History", "deleted":"0", "process_failed_to_decrypt":"0", "process_pending_decryption":"0", "process_success":"7", "total":"7"}}
{"logTime": "0420/145220", "correlationVector":"MMST9to0IHLaZAve7VGjBi.5","action":"GetUpdates Response", "result":"Success", "context":Received 10 update(s). cV=MMST9to0IHLaZAve7VGjBi.0;server=akswtt011000031;cloudType=Consumer;environment=Prod_southindia_prod-s01-004-apac-southindia;migrationStage=NotStarted}
{"logTime": "0420/145326", "correlationVector":"0KnVRPyP3fIIIQPBXwX9Hi","action":"Commit Request", "result":"", "context":Item count: 1
Contributing types: Sessions}
{"logTime": "0420/145327", "correlationVector":"0KnVRPyP3fIIIQPBXwX9Hi.1","action":"SyncServerConnectionManagerRequest", "result":"SYNC_SERVER_OK", "context":{"environment":"Prod_southindia_prod-s01-004-apac-southindia", "migrationStage":"NotStarted", "server":"akswtt011000010"}}
{"logTime": "0420/145327", "correlationVector":"0KnVRPyP3fIIIQPBXwX9Hi.2","action":"Commit Response", "result":"Success", "context":Result: Success. cV=0KnVRPyP3fIIIQPBXwX9Hi.0;server=akswtt011000010;cloudType=Consumer;environment=Prod_southindia_prod-s01-004-apac-southindia;migrationStage=NotStarted}
{"logTime": "0420/150655", "correlationVector":"KCnj/PVg1PZsMo3Vh92H6/","action":"Commit Request", "result":"", "context":Item count: 1
Contributing types: Sessions}
{"logTime": "0420/150656", "correlationVector":"KCnj/PVg1PZsMo3Vh92H6/.1","action":"SyncServerConnectionManagerRequest", "result":"SYNC_SERVER_OK", "context":{"environment":"Prod_southindia_prod-s01-004-apac-southindia", "migrationStage":"NotStarted", "server":"akswtt01100002v"}}
{"logTime": "0420/150656", "correlationVector":"KCnj/PVg1PZsMo3Vh92H6/.2","action":"Commit Response", "result":"Success", "context":Result: Success. cV=KCnj/PVg1PZsMo3Vh92H6/.0;server=akswtt01100002v;cloudType=Consumer;environment=Prod_southindia_prod-s01-004-apac-southindia;migrationStage=NotStarted}
{"logTime": "0420/150657", "correlationVector":"kqjTc8ILyK65RKkswowGrV","action":"Normal GetUpdate request", "result":"", "context":cV=kqjTc8ILyK65RKkswowGrV
Notified types: History}
{"logTime": "0420/150657", "correlationVector":"kqjTc8ILyK65RKkswowGrV.1","action":"SyncServerConnectionManagerRequest", "result":"SYNC_SERVER_OK", "context":{"environment":"Prod_southindia_prod-s01-004-apac-southindia", "migrationStage":"NotStarted", "server":"akswtt01100001n"}}
{"logTime": "0420/150657", "correlationVector":"kqjTc8ILyK65RKkswowGrV.2","action":"ProcessGetUpdates", "result":"Done", "context":{"dataType":"Sessions", "deleted":"0", "process_failed_to_decrypt":"0", "process_pending_decryption":"0", "process_success":"2", "total":"2"}}
{"logTime": "0420/150657", "correlationVector":"kqjTc8ILyK65RKkswowGrV.3","action":"ProcessGetUpdates", "result":"Done", "context":{"dataType":"History", "deleted":"0", "process_failed_to_decrypt":"0", "process_pending_decryption":"0", "process_success":"2", "total":"2"}}
{"logTime": "0420/150657", "correlationVector":"kqjTc8ILyK65RKkswowGrV.4","action":"GetUpdates Response", "result":"Success", "context":Received 4 update(s). cV=kqjTc8ILyK65RKkswowGrV.0;server=akswtt01100001n;cloudType=Consumer;environment=Prod_southindia_prod-s01-004-apac-southindia;migrationStage=NotStarted}
{"logTime": "0420/184655", "correlationVector":"zWPA4WAf0mrf9K/NgqvmLA","action":"SyncServerConnectionManagerRequest", "result":"CONNECTION_UNAVAILABLE", "context":{"error_type":"net_error_code", "error_value":"-106"}}
{"logTime": "0420/184733", "correlationVector":"XLnZ9BfjjJ8mtlfDIkbmzN.1","action":"SyncServerConnectionManagerRequest", "result":"SYNC_SERVER_OK", "context":{"environment":"Prod_southindia_prod-s01-004-apac-southindia", "migrationStage":"NotStarted", "server":"akswtt01100003o"}}
{"logTime": "0420/184733", "correlationVector":"XLnZ9BfjjJ8mtlfDIkbmzN.2","action":"ProcessGetUpdates", "result":"Done", "context":{"dataType":"Encryption Keys", "deleted":"0", "process_failed_to_decrypt":"0", "process_pending_decryption":"0", "process_success":"1", "total":"1"}}
{"logTime": "0420/184733", "correlationVector":"zWPA4WAf0mrf9K/NgqvmLA","action":"Initial GetUpdates", "result":"", "context":Reason: NEW_CLIENT. cV=zWPA4WAf0mrf9K/NgqvmLA}
{"logTime": "0420/184733", "correlationVector":"uLn7g0Qmltnp5cCh08Dffz.0","action":"GetUpdates Response", "result":"Network error (ERR_INTERNET_DISCONNECTED)", "context":Received error: Network error (ERR_INTERNET_DISCONNECTED). }
{"logTime": "0420/184733", "correlationVector":"XLnZ9BfjjJ8mtlfDIkbmzN","action":"Initial GetUpdates", "result":"", "context":Reason: NEW_CLIENT. cV=XLnZ9BfjjJ8mtlfDIkbmzN}
{"logTime": "0420/184733", "correlationVector":"XLnZ9BfjjJ8mtlfDIkbmzN.3","action":"GetUpdates Response", "result":"Success", "context":Received 1 update(s). cV=XLnZ9BfjjJ8mtlfDIkbmzN.0;server=akswtt01100003o;cloudType=Consumer;environment=Prod_southindia_prod-s01-004-apac-southindia;migrationStage=NotStarted}
{"logTime": "0420/184733", "correlationVector":"wD8xdmR4AYwVbbhC7v06XH","action":"Normal GetUpdate request", "result":"", "context":cV=wD8xdmR4AYwVbbhC7v06XH
Nudged types: Sessions, Device Info, History
Refresh requested types: Bookmarks, Preferences, Extensions, Sessions, Extension settings, History Delete Directives, Device Info, User Consents, Send Tab To Self, Web Apps, History, Saved Tab Group, Collection, Edge E Drop, Edge Hub App Usage, Edge Tab Group, Edge Wallet, Encryption Keys}
{"logTime": "0420/184733", "correlationVector":"wD8xdmR4AYwVbbhC7v06XH.1","action":"SyncServerConnectionManagerRequest", "result":"SYNC_SERVER_OK", "context":{"environment":"Prod_southindia_prod-s01-004-apac-southindia", "migrationStage":"NotStarted", "server":"akswtt011000018"}}
{"logTime": "0420/184733", "correlationVector":"wD8xdmR4AYwVbbhC7v06XH.2","action":"ProcessGetUpdates", "result":"Done", "context":{"dataType":"Sessions", "deleted":"1", "process_failed_to_decrypt":"0", "process_pending_decryption":"0", "process_success":"6", "total":"6"}}
{"logTime": "0420/184733", "correlationVector":"wD8xdmR4AYwVbbhC7v06XH.3","action":"ProcessGetUpdates", "result":"Done", "context":{"dataType":"Device Info", "deleted":"0", "process_failed_to_decrypt":"0", "process_pending_decryption":"0", "process_success":"1", "total":"1"}}
{"logTime": "0420/184733", "correlationVector":"wD8xdmR4AYwVbbhC7v06XH.4","action":"ProcessGetUpdates", "result":"Done", "context":{"dataType":"History", "deleted":"0", "process_failed_to_decrypt":"0", "process_pending_decryption":"0", "process_success":"3", "total":"3"}}
{"logTime": "0420/184733", "correlationVector":"wD8xdmR4AYwVbbhC7v06XH.5","action":"GetUpdates Response", "result":"Success", "context":Received 10 update(s). cV=wD8xdmR4AYwVbbhC7v06XH.0;server=akswtt011000018;cloudType=Consumer;environment=Prod_southindia_prod-s01-004-apac-southindia;migrationStage=NotStarted}
{"logTime": "0420/184734", "correlationVector":"4qI6nHde5dkmO0N2kjLeum","action":"SyncServerConnectionManagerRequest", "result":"SYNC_SERVER_OK", "context":{"environment":"", "migrationStage":"", "server":""}}
{"logTime": "0420/184734", "correlationVector":"4qI6nHde5dkmO0N2kjLeum.0","action":"EncryptionKeysFetcher.DownloadKeys:", "result":"Success", "context":Key count: 2, Last key timestamp: 2025-04-13T10:49:33Z}
{"logTime": "0420/184734", "correlationVector":"4qI6nHde5dkmO0N2kjLeum.1","action":"EncryptionKeysManager::SetEncryptionKeys:", "result":"Success", "context":Key names[2]:[RZ4l7+cFHJaltL5JIicFmX73/hW2bR48dSMP02P5M2WgtBf1P3U7MxOjjQf6hzCS/zNnuIKPUOUx7fqFEqtz2w==][87okd6qHAYWoUKv3tByrBn/yKX9LcHIh5m1RFN9kg4c9LIfQmP4LynCuBiu6qt+ZbTLyCGcdQFoR00sefP0Jrw==]}
{"logTime": "0420/184734", "correlationVector":"4qI6nHde5dkmO0N2kjLeum.2","action":"EncryptionKeysManager::SetEncryptionKeysWithTimestamps:", "result":"Success", "context":Key timestamps[2]:[2024-10-14T15:44:55Z][2025-04-13T10:49:33Z]}
{"logTime": "0420/184734", "correlationVector":"PR4KX3B4pkHMb8TuaTT19h","action":"Initial GetUpdates", "result":"", "context":Reason: NEWLY_SUPPORTED_DATATYPE. cV=PR4KX3B4pkHMb8TuaTT19h}
{"logTime": "0420/184734", "correlationVector":"PR4KX3B4pkHMb8TuaTT19h.1","action":"SyncServerConnectionManagerRequest", "result":"SYNC_SERVER_OK", "context":{"environment":"Prod_southindia_prod-s01-004-apac-southindia", "migrationStage":"NotStarted", "server":"akswtt01100001x"}}
{"logTime": "0420/184734", "correlationVector":"PR4KX3B4pkHMb8TuaTT19h.2","action":"ProcessGetUpdates", "result":"Done", "context":{"dataType":"Passwords", "deleted":"0", "process_failed_to_decrypt":"0", "process_pending_decryption":"0", "process_success":"19", "total":"19"}}
{"logTime": "0420/184734", "correlationVector":"PR4KX3B4pkHMb8TuaTT19h.3","action":"GetUpdates Response", "result":"Success", "context":Received 19 update(s). cV=PR4KX3B4pkHMb8TuaTT19h.0;server=akswtt01100001x;cloudType=Consumer;environment=Prod_southindia_prod-s01-004-apac-southindia;migrationStage=NotStarted}
{"logTime": "0420/184734", "correlationVector":"3dQmS1NU7meuzXj57px8oh","action":"Normal GetUpdate request", "result":"", "context":cV=3dQmS1NU7meuzXj57px8oh
Nudged types: Device Info
Notified types: History
Refresh requested types: Bookmarks, Preferences, Passwords, Autofill Profiles, Autofill, Extensions, Sessions, Extension settings, History Delete Directives, Device Info, User Consents, Send Tab To Self, Web Apps, History, Saved Tab Group, Collection, Edge E Drop, Edge Hub App Usage, Edge Tab Group, Edge Wallet, Encryption Keys}
{"logTime": "0420/184734", "correlationVector":"3dQmS1NU7meuzXj57px8oh.1","action":"SyncServerConnectionManagerRequest", "result":"SYNC_SERVER_OK", "context":{"environment":"Prod_southindia_prod-s01-004-apac-southindia", "migrationStage":"NotStarted", "server":"akswtt011000010"}}
{"logTime": "0420/184734", "correlationVector":"3dQmS1NU7meuzXj57px8oh.2","action":"GetUpdates Response", "result":"Success", "context":Received 0 update(s). cV=3dQmS1NU7meuzXj57px8oh.0;server=akswtt011000010;cloudType=Consumer;environment=Prod_southindia_prod-s01-004-apac-southindia;migrationStage=NotStarted}
{"logTime": "0420/184734", "correlationVector":"zsvSONC+yJ0khxjuVJ0pk1","action":"Commit Request", "result":"", "context":Item count: 2
Contributing types: Passwords, Device Info}
{"logTime": "0420/184735", "correlationVector":"zsvSONC+yJ0khxjuVJ0pk1.1","action":"SyncServerConnectionManagerRequest", "result":"SYNC_SERVER_OK", "context":{"environment":"Prod_southindia_prod-s01-004-apac-southindia", "migrationStage":"NotStarted", "server":"akswtt01100001a"}}
{"logTime": "0420/184735", "correlationVector":"zsvSONC+yJ0khxjuVJ0pk1.2","action":"Commit Response", "result":"Success", "context":Result: Success. cV=zsvSONC+yJ0khxjuVJ0pk1.0;server=akswtt01100001a;cloudType=Consumer;environment=Prod_southindia_prod-s01-004-apac-southindia;migrationStage=NotStarted}
{"logTime": "0421/000334", "correlationVector":"ZDXVRZbP4p5iFPZDTibUL7.1","action":"SyncServerConnectionManagerRequest", "result":"SYNC_SERVER_OK", "context":{"environment":"Prod_southindia_prod-s01-004-apac-southindia", "migrationStage":"NotStarted", "server":"akswtt01100004s"}}
{"logTime": "0421/000334", "correlationVector":"ZDXVRZbP4p5iFPZDTibUL7.2","action":"ProcessGetUpdates", "result":"Done", "context":{"dataType":"Encryption Keys", "deleted":"0", "process_failed_to_decrypt":"0", "process_pending_decryption":"0", "process_success":"1", "total":"1"}}
{"logTime": "0421/000336", "correlationVector":"lQMkyMUsbhEqMrLEz4Z4bb","action":"SyncServerConnectionManagerRequest", "result":"SYNC_SERVER_OK", "context":{"environment":"", "migrationStage":"", "server":""}}
{"logTime": "0421/000336", "correlationVector":"lQMkyMUsbhEqMrLEz4Z4bb.0","action":"EncryptionKeysFetcher.DownloadKeys:", "result":"Success", "context":Key count: 2, Last key timestamp: 2025-04-13T10:49:33Z}
{"logTime": "0421/000336", "correlationVector":"lQMkyMUsbhEqMrLEz4Z4bb.1","action":"EncryptionKeysManager::SetEncryptionKeys:", "result":"Success", "context":Key names[2]:[RZ4l7+cFHJaltL5JIicFmX73/hW2bR48dSMP02P5M2WgtBf1P3U7MxOjjQf6hzCS/zNnuIKPUOUx7fqFEqtz2w==][87okd6qHAYWoUKv3tByrBn/yKX9LcHIh5m1RFN9kg4c9LIfQmP4LynCuBiu6qt+ZbTLyCGcdQFoR00sefP0Jrw==]}
{"logTime": "0421/000336", "correlationVector":"lQMkyMUsbhEqMrLEz4Z4bb.2","action":"EncryptionKeysManager::SetEncryptionKeysWithTimestamps:", "result":"Success", "context":Key timestamps[2]:[2024-10-14T15:44:55Z][2025-04-13T10:49:33Z]}
{"logTime": "0421/000336", "correlationVector":"ZDXVRZbP4p5iFPZDTibUL7","action":"Initial GetUpdates", "result":"", "context":Reason: NEW_CLIENT. cV=ZDXVRZbP4p5iFPZDTibUL7}
{"logTime": "0421/000336", "correlationVector":"ZDXVRZbP4p5iFPZDTibUL7.3","action":"GetUpdates Response", "result":"Success", "context":Received 1 update(s). cV=ZDXVRZbP4p5iFPZDTibUL7.0;server=akswtt01100004s;cloudType=Consumer;environment=Prod_southindia_prod-s01-004-apac-southindia;migrationStage=NotStarted}
{"logTime": "0421/000336", "correlationVector":"g63OlDxWX4hDqFjpqsRNSZ","action":"Initial GetUpdates", "result":"", "context":Reason: NEWLY_SUPPORTED_DATATYPE. cV=g63OlDxWX4hDqFjpqsRNSZ}
{"logTime": "0421/000336", "correlationVector":"g63OlDxWX4hDqFjpqsRNSZ.1","action":"SyncServerConnectionManagerRequest", "result":"SYNC_SERVER_OK", "context":{"environment":"Prod_southindia_prod-s01-004-apac-southindia", "migrationStage":"NotStarted", "server":"akswtt011000022"}}
{"logTime": "0421/000336", "correlationVector":"g63OlDxWX4hDqFjpqsRNSZ.2","action":"ProcessGetUpdates", "result":"Done", "context":{"dataType":"Passwords", "deleted":"0", "process_failed_to_decrypt":"0", "process_pending_decryption":"0", "process_success":"19", "total":"19"}}
{"logTime": "0421/000336", "correlationVector":"g63OlDxWX4hDqFjpqsRNSZ.3","action":"GetUpdates Response", "result":"Success", "context":Received 19 update(s). cV=g63OlDxWX4hDqFjpqsRNSZ.0;server=akswtt011000022;cloudType=Consumer;environment=Prod_southindia_prod-s01-004-apac-southindia;migrationStage=NotStarted}
{"logTime": "0421/000336", "correlationVector":"e6wxR8VDUWb1fDlLMbagrX","action":"Normal GetUpdate request", "result":"", "context":cV=e6wxR8VDUWb1fDlLMbagrX
Nudged types: Sessions, Device Info, History
Refresh requested types: Bookmarks, Preferences, Passwords, Autofill Profiles, Autofill, Extensions, Sessions, Extension settings, History Delete Directives, Device Info, User Consents, Send Tab To Self, Web Apps, History, Saved Tab Group, Collection, Edge E Drop, Edge Hub App Usage, Edge Tab Group, Edge Wallet, Encryption Keys}
{"logTime": "0421/000336", "correlationVector":"e6wxR8VDUWb1fDlLMbagrX.1","action":"SyncServerConnectionManagerRequest", "result":"SYNC_SERVER_OK", "context":{"environment":"Prod_southindia_prod-s01-004-apac-southindia", "migrationStage":"NotStarted", "server":"akswtt011000050"}}
{"logTime": "0421/000336", "correlationVector":"e6wxR8VDUWb1fDlLMbagrX.2","action":"ProcessGetUpdates", "result":"Done", "context":{"dataType":"Sessions", "deleted":"1", "process_failed_to_decrypt":"0", "process_pending_decryption":"0", "process_success":"6", "total":"6"}}
{"logTime": "0421/000336", "correlationVector":"e6wxR8VDUWb1fDlLMbagrX.3","action":"ProcessGetUpdates", "result":"Done", "context":{"dataType":"Device Info", "deleted":"0", "process_failed_to_decrypt":"0", "process_pending_decryption":"0", "process_success":"1", "total":"1"}}
{"logTime": "0421/000336", "correlationVector":"e6wxR8VDUWb1fDlLMbagrX.4","action":"ProcessGetUpdates", "result":"Done", "context":{"dataType":"History", "deleted":"0", "process_failed_to_decrypt":"0", "process_pending_decryption":"0", "process_success":"15", "total":"15"}}
{"logTime": "0421/000336", "correlationVector":"e6wxR8VDUWb1fDlLMbagrX.5","action":"GetUpdates Response", "result":"Success", "context":Received 22 update(s). cV=e6wxR8VDUWb1fDlLMbagrX.0;server=akswtt011000050;cloudType=Consumer;environment=Prod_southindia_prod-s01-004-apac-southindia;migrationStage=NotStarted}
{"logTime": "0421/000336", "correlationVector":"6a76Itb7nSjsLhvEgA2zw3","action":"Poll GetUpdate request", "result":"", "context":cV=6a76Itb7nSjsLhvEgA2zw3}
{"logTime": "0421/000336", "correlationVector":"6a76Itb7nSjsLhvEgA2zw3.1","action":"SyncServerConnectionManagerRequest", "result":"SYNC_SERVER_OK", "context":{"environment":"Prod_southindia_prod-s01-004-apac-southindia", "migrationStage":"NotStarted", "server":"akswtt011000028"}}
{"logTime": "0421/000336", "correlationVector":"6a76Itb7nSjsLhvEgA2zw3.2","action":"GetUpdates Response", "result":"Success", "context":Received 0 update(s). cV=6a76Itb7nSjsLhvEgA2zw3.0;server=akswtt011000028;cloudType=Consumer;environment=Prod_southindia_prod-s01-004-apac-southindia;migrationStage=NotStarted}
{"logTime": "0421/000451", "correlationVector":"7/o0GNOzhsR9ftSizlZkVW","action":"Commit Request", "result":"", "context":Item count: 3
Contributing types: Sessions, History}
{"logTime": "0421/000451", "correlationVector":"7/o0GNOzhsR9ftSizlZkVW.1","action":"SyncServerConnectionManagerRequest", "result":"SYNC_SERVER_OK", "context":{"environment":"Prod_southindia_prod-s01-004-apac-southindia", "migrationStage":"NotStarted", "server":"akswtt01100002g"}}
{"logTime": "0421/000451", "correlationVector":"7/o0GNOzhsR9ftSizlZkVW.2","action":"Commit Response", "result":"Success", "context":Result: Success. cV=7/o0GNOzhsR9ftSizlZkVW.0;server=akswtt01100002g;cloudType=Consumer;environment=Prod_southindia_prod-s01-004-apac-southindia;migrationStage=NotStarted}
{"logTime": "0421/000634", "correlationVector":"rxALZ7hTz1ufCNRBFxTlCu","action":"Commit Request", "result":"", "context":Item count: 4
Contributing types: Sessions, History}
{"logTime": "0421/000635", "correlationVector":"rxALZ7hTz1ufCNRBFxTlCu.1","action":"SyncServerConnectionManagerRequest", "result":"SYNC_SERVER_OK", "context":{"environment":"Prod_southindia_prod-s01-004-apac-southindia", "migrationStage":"NotStarted", "server":"akswtt01100005c"}}
{"logTime": "0421/000635", "correlationVector":"rxALZ7hTz1ufCNRBFxTlCu.2","action":"Commit Response", "result":"Success", "context":Result: Success. cV=rxALZ7hTz1ufCNRBFxTlCu.0;server=akswtt01100005c;cloudType=Consumer;environment=Prod_southindia_prod-s01-004-apac-southindia;migrationStage=NotStarted}
{"logTime": "0421/031142", "correlationVector":"P2l2b7axccBQ+sz4k/0NyO.1","action":"SyncServerConnectionManagerRequest", "result":"SYNC_SERVER_OK", "context":{"environment":"Prod_southindia_prod-s01-004-apac-southindia", "migrationStage":"NotStarted", "server":"akswtt01100000k"}}
{"logTime": "0421/031142", "correlationVector":"P2l2b7axccBQ+sz4k/0NyO.2","action":"ProcessGetUpdates", "result":"Done", "context":{"dataType":"Encryption Keys", "deleted":"0", "process_failed_to_decrypt":"0", "process_pending_decryption":"0", "process_success":"1", "total":"1"}}
{"logTime": "0421/031142", "correlationVector":"9c2eBEhnv0h23yo8fjC2hP","action":"SyncServerConnectionManagerRequest", "result":"SYNC_SERVER_OK", "context":{"environment":"", "migrationStage":"", "server":""}}
{"logTime": "0421/031142", "correlationVector":"9c2eBEhnv0h23yo8fjC2hP.0","action":"EncryptionKeysFetcher.DownloadKeys:", "result":"Success", "context":Key count: 2, Last key timestamp: 2025-04-13T10:49:33Z}
{"logTime": "0421/031142", "correlationVector":"9c2eBEhnv0h23yo8fjC2hP.1","action":"EncryptionKeysManager::SetEncryptionKeys:", "result":"Success", "context":Key names[2]:[RZ4l7+cFHJaltL5JIicFmX73/hW2bR48dSMP02P5M2WgtBf1P3U7MxOjjQf6hzCS/zNnuIKPUOUx7fqFEqtz2w==][87okd6qHAYWoUKv3tByrBn/yKX9LcHIh5m1RFN9kg4c9LIfQmP4LynCuBiu6qt+ZbTLyCGcdQFoR00sefP0Jrw==]}
{"logTime": "0421/031142", "correlationVector":"9c2eBEhnv0h23yo8fjC2hP.2","action":"EncryptionKeysManager::SetEncryptionKeysWithTimestamps:", "result":"Success", "context":Key timestamps[2]:[2024-10-14T15:44:55Z][2025-04-13T10:49:33Z]}
{"logTime": "0421/031142", "correlationVector":"P2l2b7axccBQ+sz4k/0NyO","action":"Initial GetUpdates", "result":"", "context":Reason: NEW_CLIENT. cV=P2l2b7axccBQ+sz4k/0NyO}
{"logTime": "0421/031142", "correlationVector":"P2l2b7axccBQ+sz4k/0NyO.3","action":"GetUpdates Response", "result":"Success", "context":Received 1 update(s). cV=P2l2b7axccBQ+sz4k/0NyO.0;server=akswtt01100000k;cloudType=Consumer;environment=Prod_southindia_prod-s01-004-apac-southindia;migrationStage=NotStarted}
{"logTime": "0421/031142", "correlationVector":"XapyAMMH1MaeCyW5l7g9gx","action":"Initial GetUpdates", "result":"", "context":Reason: NEWLY_SUPPORTED_DATATYPE. cV=XapyAMMH1MaeCyW5l7g9gx}
{"logTime": "0421/031143", "correlationVector":"XapyAMMH1MaeCyW5l7g9gx.1","action":"SyncServerConnectionManagerRequest", "result":"SYNC_SERVER_OK", "context":{"environment":"Prod_southindia_prod-s01-004-apac-southindia", "migrationStage":"NotStarted", "server":"akswtt011000016"}}
{"logTime": "0421/031143", "correlationVector":"XapyAMMH1MaeCyW5l7g9gx.2","action":"ProcessGetUpdates", "result":"Done", "context":{"dataType":"Passwords", "deleted":"0", "process_failed_to_decrypt":"0", "process_pending_decryption":"0", "process_success":"19", "total":"19"}}
{"logTime": "0421/031143", "correlationVector":"XapyAMMH1MaeCyW5l7g9gx.3","action":"GetUpdates Response", "result":"Success", "context":Received 19 update(s). cV=XapyAMMH1MaeCyW5l7g9gx.0;server=akswtt011000016;cloudType=Consumer;environment=Prod_southindia_prod-s01-004-apac-southindia;migrationStage=NotStarted}
{"logTime": "0421/031143", "correlationVector":"hN+2pUbiXiDJozEKWA8SLQ","action":"Normal GetUpdate request", "result":"", "context":cV=hN+2pUbiXiDJozEKWA8SLQ
Nudged types: Sessions, Device Info, History
Refresh requested types: Bookmarks, Preferences, Passwords, Autofill Profiles, Autofill, Extensions, Sessions, Extension settings, History Delete Directives, Device Info, User Consents, Send Tab To Self, Web Apps, History, Saved Tab Group, Collection, Edge E Drop, Edge Hub App Usage, Edge Tab Group, Edge Wallet, Encryption Keys}
{"logTime": "0421/031143", "correlationVector":"hN+2pUbiXiDJozEKWA8SLQ.1","action":"SyncServerConnectionManagerRequest", "result":"SYNC_SERVER_OK", "context":{"environment":"Prod_southindia_prod-s01-004-apac-southindia", "migrationStage":"NotStarted", "server":"akswtt011000036"}}
{"logTime": "0421/031143", "correlationVector":"hN+2pUbiXiDJozEKWA8SLQ.2","action":"ProcessGetUpdates", "result":"Done", "context":{"dataType":"Sessions", "deleted":"0", "process_failed_to_decrypt":"0", "process_pending_decryption":"0", "process_success":"3", "total":"3"}}
{"logTime": "0421/031143", "correlationVector":"hN+2pUbiXiDJozEKWA8SLQ.3","action":"ProcessGetUpdates", "result":"Done", "context":{"dataType":"Device Info", "deleted":"0", "process_failed_to_decrypt":"0", "process_pending_decryption":"0", "process_success":"1", "total":"1"}}
{"logTime": "0421/031143", "correlationVector":"hN+2pUbiXiDJozEKWA8SLQ.4","action":"ProcessGetUpdates", "result":"Done", "context":{"dataType":"History", "deleted":"0", "process_failed_to_decrypt":"0", "process_pending_decryption":"0", "process_success":"3", "total":"3"}}
{"logTime": "0421/031143", "correlationVector":"hN+2pUbiXiDJozEKWA8SLQ.5","action":"GetUpdates Response", "result":"Success", "context":Received 7 update(s). cV=hN+2pUbiXiDJozEKWA8SLQ.0;server=akswtt011000036;cloudType=Consumer;environment=Prod_southindia_prod-s01-004-apac-southindia;migrationStage=NotStarted}
{"logTime": "0421/031143", "correlationVector":"chM27hkZeZulpytt09Kj0J","action":"Commit Request", "result":"", "context":Item count: 4
Contributing types: Sessions, Device Info, History}
{"logTime": "0421/031144", "correlationVector":"chM27hkZeZulpytt09Kj0J.1","action":"SyncServerConnectionManagerRequest", "result":"SYNC_SERVER_OK", "context":{"environment":"Prod_southindia_prod-s01-004-apac-southindia", "migrationStage":"NotStarted", "server":"akswtt01100001d"}}
{"logTime": "0421/031144", "correlationVector":"chM27hkZeZulpytt09Kj0J.2","action":"Commit Response", "result":"Success", "context":Result: Success. cV=chM27hkZeZulpytt09Kj0J.0;server=akswtt01100001d;cloudType=Consumer;environment=Prod_southindia_prod-s01-004-apac-southindia;migrationStage=NotStarted}
{"logTime": "0421/031306", "correlationVector":"NBHSbS847b4LIzt673Umtk","action":"Commit Request", "result":"", "context":Item count: 2
Contributing types: Sessions, History}
{"logTime": "0421/031306", "correlationVector":"NBHSbS847b4LIzt673Umtk.1","action":"SyncServerConnectionManagerRequest", "result":"SYNC_SERVER_OK", "context":{"environment":"Prod_southindia_prod-s01-004-apac-southindia", "migrationStage":"NotStarted", "server":"akswtt01100002e"}}
{"logTime": "0421/031306", "correlationVector":"NBHSbS847b4LIzt673Umtk.2","action":"Commit Response", "result":"Success", "context":Result: Success. cV=NBHSbS847b4LIzt673Umtk.0;server=akswtt01100002e;cloudType=Consumer;environment=Prod_southindia_prod-s01-004-apac-southindia;migrationStage=NotStarted}
{"logTime": "0421/031413", "correlationVector":"1fLVTumtUEhQdiaAfsym4K","action":"Commit Request", "result":"", "context":Item count: 1
Contributing types: History}
{"logTime": "0421/031413", "correlationVector":"1fLVTumtUEhQdiaAfsym4K.1","action":"SyncServerConnectionManagerRequest", "result":"SYNC_SERVER_OK", "context":{"environment":"Prod_southindia_prod-s01-004-apac-southindia", "migrationStage":"NotStarted", "server":"akswtt01100002x"}}
{"logTime": "0421/031413", "correlationVector":"1fLVTumtUEhQdiaAfsym4K.2","action":"Commit Response", "result":"Success", "context":Result: Success. cV=1fLVTumtUEhQdiaAfsym4K.0;server=akswtt01100002x;cloudType=Consumer;environment=Prod_southindia_prod-s01-004-apac-southindia;migrationStage=NotStarted}
{"logTime": "0421/040531", "correlationVector":"xbrGxHtZydRaApmX9R5WZV","action":"Commit Request", "result":"", "context":Item count: 3
Contributing types: Sessions, History}
{"logTime": "0421/040532", "correlationVector":"xbrGxHtZydRaApmX9R5WZV.1","action":"SyncServerConnectionManagerRequest", "result":"SYNC_SERVER_OK", "context":{"environment":"Prod_southindia_prod-s01-004-apac-southindia", "migrationStage":"NotStarted", "server":"akswtt01100001u"}}
{"logTime": "0421/040532", "correlationVector":"xbrGxHtZydRaApmX9R5WZV.2","action":"Commit Response", "result":"Success", "context":Result: Success. cV=xbrGxHtZydRaApmX9R5WZV.0;server=akswtt01100001u;cloudType=Consumer;environment=Prod_southindia_prod-s01-004-apac-southindia;migrationStage=NotStarted}
{"logTime": "0421/041050", "correlationVector":"SJdis7BVMhGlRsMMTwA+jw","action":"Commit Request", "result":"", "context":Item count: 3
Contributing types: Sessions, History}
{"logTime": "0421/041050", "correlationVector":"SJdis7BVMhGlRsMMTwA+jw.1","action":"SyncServerConnectionManagerRequest", "result":"SYNC_SERVER_OK", "context":{"environment":"Prod_southindia_prod-s01-004-apac-southindia", "migrationStage":"NotStarted", "server":"akswtt01100001f"}}
{"logTime": "0421/041050", "correlationVector":"SJdis7BVMhGlRsMMTwA+jw.2","action":"Commit Response", "result":"Success", "context":Result: Success. cV=SJdis7BVMhGlRsMMTwA+jw.0;server=akswtt01100001f;cloudType=Consumer;environment=Prod_southindia_prod-s01-004-apac-southindia;migrationStage=NotStarted}
{"logTime": "0421/164331", "correlationVector":"5m3CFM6oNUQ9mBCIjytz3Q.1","action":"SyncServerConnectionManagerRequest", "result":"SYNC_SERVER_OK", "context":{"environment":"Prod_southindia_prod-s01-004-apac-southindia", "migrationStage":"NotStarted", "server":"akswtt01100001m"}}
{"logTime": "0421/164331", "correlationVector":"5m3CFM6oNUQ9mBCIjytz3Q.2","action":"ProcessGetUpdates", "result":"Done", "context":{"dataType":"Encryption Keys", "deleted":"0", "process_failed_to_decrypt":"0", "process_pending_decryption":"0", "process_success":"1", "total":"1"}}
{"logTime": "0421/164333", "correlationVector":"SIg8Gb+3ZTMMaK+yKyvxs/","action":"SyncServerConnectionManagerRequest", "result":"SYNC_SERVER_OK", "context":{"environment":"", "migrationStage":"", "server":""}}
{"logTime": "0421/164333", "correlationVector":"SIg8Gb+3ZTMMaK+yKyvxs/.0","action":"EncryptionKeysFetcher.DownloadKeys:", "result":"Success", "context":Key count: 2, Last key timestamp: 2025-04-13T10:49:33Z}
{"logTime": "0421/164333", "correlationVector":"SIg8Gb+3ZTMMaK+yKyvxs/.1","action":"EncryptionKeysManager::SetEncryptionKeys:", "result":"Success", "context":Key names[2]:[RZ4l7+cFHJaltL5JIicFmX73/hW2bR48dSMP02P5M2WgtBf1P3U7MxOjjQf6hzCS/zNnuIKPUOUx7fqFEqtz2w==][87okd6qHAYWoUKv3tByrBn/yKX9LcHIh5m1RFN9kg4c9LIfQmP4LynCuBiu6qt+ZbTLyCGcdQFoR00sefP0Jrw==]}
{"logTime": "0421/164333", "correlationVector":"SIg8Gb+3ZTMMaK+yKyvxs/.2","action":"EncryptionKeysManager::SetEncryptionKeysWithTimestamps:", "result":"Success", "context":Key timestamps[2]:[2024-10-14T15:44:55Z][2025-04-13T10:49:33Z]}
{"logTime": "0421/164333", "correlationVector":"5m3CFM6oNUQ9mBCIjytz3Q","action":"Initial GetUpdates", "result":"", "context":Reason: NEW_CLIENT. cV=5m3CFM6oNUQ9mBCIjytz3Q}
{"logTime": "0421/164333", "correlationVector":"5m3CFM6oNUQ9mBCIjytz3Q.3","action":"GetUpdates Response", "result":"Success", "context":Received 1 update(s). cV=5m3CFM6oNUQ9mBCIjytz3Q.0;server=akswtt01100001m;cloudType=Consumer;environment=Prod_southindia_prod-s01-004-apac-southindia;migrationStage=NotStarted}
{"logTime": "0421/164333", "correlationVector":"2bO92e1i3dGfQ5RukWFMoE","action":"Initial GetUpdates", "result":"", "context":Reason: NEWLY_SUPPORTED_DATATYPE. cV=2bO92e1i3dGfQ5RukWFMoE}
{"logTime": "0421/164333", "correlationVector":"2bO92e1i3dGfQ5RukWFMoE.1","action":"SyncServerConnectionManagerRequest", "result":"SYNC_SERVER_OK", "context":{"environment":"Prod_southindia_prod-s01-004-apac-southindia", "migrationStage":"NotStarted", "server":"akswtt01100001d"}}
{"logTime": "0421/164333", "correlationVector":"2bO92e1i3dGfQ5RukWFMoE.2","action":"ProcessGetUpdates", "result":"Done", "context":{"dataType":"Passwords", "deleted":"0", "process_failed_to_decrypt":"0", "process_pending_decryption":"0", "process_success":"19", "total":"19"}}
{"logTime": "0421/164333", "correlationVector":"2bO92e1i3dGfQ5RukWFMoE.3","action":"GetUpdates Response", "result":"Success", "context":Received 19 update(s). cV=2bO92e1i3dGfQ5RukWFMoE.0;server=akswtt01100001d;cloudType=Consumer;environment=Prod_southindia_prod-s01-004-apac-southindia;migrationStage=NotStarted}
{"logTime": "0421/164333", "correlationVector":"R3+zw3yy6xEc8EGyZEzqzq","action":"Normal GetUpdate request", "result":"", "context":cV=R3+zw3yy6xEc8EGyZEzqzq
Nudged types: Sessions, Device Info, History
Refresh requested types: Bookmarks, Preferences, Passwords, Autofill Profiles, Autofill, Extensions, Sessions, Extension settings, History Delete Directives, Device Info, User Consents, Send Tab To Self, Web Apps, History, Saved Tab Group, Collection, Edge E Drop, Edge Hub App Usage, Edge Tab Group, Edge Wallet, Encryption Keys}
{"logTime": "0421/164334", "correlationVector":"R3+zw3yy6xEc8EGyZEzqzq.1","action":"SyncServerConnectionManagerRequest", "result":"SYNC_SERVER_OK", "context":{"environment":"Prod_southindia_prod-s01-004-apac-southindia", "migrationStage":"NotStarted", "server":"akswtt01100000n"}}
{"logTime": "0421/164334", "correlationVector":"R3+zw3yy6xEc8EGyZEzqzq.2","action":"ProcessGetUpdates", "result":"Done", "context":{"dataType":"Preferences", "deleted":"0", "process_failed_to_decrypt":"0", "process_pending_decryption":"0", "process_success":"2", "total":"2"}}
{"logTime": "0421/164334", "correlationVector":"R3+zw3yy6xEc8EGyZEzqzq.3","action":"ProcessGetUpdates", "result":"Done", "context":{"dataType":"Autofill", "deleted":"0", "process_failed_to_decrypt":"0", "process_pending_decryption":"0", "process_success":"1", "total":"1"}}
{"logTime": "0421/164334", "correlationVector":"R3+zw3yy6xEc8EGyZEzqzq.4","action":"ProcessGetUpdates", "result":"Done", "context":{"dataType":"Sessions", "deleted":"4", "process_failed_to_decrypt":"0", "process_pending_decryption":"0", "process_success":"9", "total":"9"}}
{"logTime": "0421/164334", "correlationVector":"R3+zw3yy6xEc8EGyZEzqzq.5","action":"ProcessGetUpdates", "result":"Done", "context":{"dataType":"Device Info", "deleted":"0", "process_failed_to_decrypt":"0", "process_pending_decryption":"0", "process_success":"2", "total":"2"}}
{"logTime": "0421/164334", "correlationVector":"R3+zw3yy6xEc8EGyZEzqzq.6","action":"ProcessGetUpdates", "result":"Done", "context":{"dataType":"History", "deleted":"0", "process_failed_to_decrypt":"0", "process_pending_decryption":"0", "process_success":"21", "total":"21"}}
{"logTime": "0421/164334", "correlationVector":"R3+zw3yy6xEc8EGyZEzqzq.7","action":"GetUpdates Response", "result":"Success", "context":Received 35 update(s). cV=R3+zw3yy6xEc8EGyZEzqzq.0;server=akswtt01100000n;cloudType=Consumer;environment=Prod_southindia_prod-s01-004-apac-southindia;migrationStage=NotStarted}
{"logTime": "0421/164334", "correlationVector":"zbheWdMoG3dM8ZZXpRxh7L","action":"Poll GetUpdate request", "result":"", "context":cV=zbheWdMoG3dM8ZZXpRxh7L}
{"logTime": "0421/164334", "correlationVector":"zbheWdMoG3dM8ZZXpRxh7L.1","action":"SyncServerConnectionManagerRequest", "result":"SYNC_SERVER_OK", "context":{"environment":"Prod_southindia_prod-s01-004-apac-southindia", "migrationStage":"NotStarted", "server":"akswtt01100004t"}}
{"logTime": "0421/164334", "correlationVector":"zbheWdMoG3dM8ZZXpRxh7L.2","action":"GetUpdates Response", "result":"Success", "context":Received 0 update(s). cV=zbheWdMoG3dM8ZZXpRxh7L.0;server=akswtt01100004t;cloudType=Consumer;environment=Prod_southindia_prod-s01-004-apac-southindia;migrationStage=NotStarted}
{"logTime": "0421/164449", "correlationVector":"k2X/Fy0XEGb+Gxr6j5TPlF","action":"Commit Request", "result":"", "context":Item count: 3
Contributing types: Sessions, History}
{"logTime": "0421/164450", "correlationVector":"k2X/Fy0XEGb+Gxr6j5TPlF.1","action":"SyncServerConnectionManagerRequest", "result":"SYNC_SERVER_OK", "context":{"environment":"Prod_southindia_prod-s01-004-apac-southindia", "migrationStage":"NotStarted", "server":"akswtt01100000g"}}
{"logTime": "0421/164450", "correlationVector":"k2X/Fy0XEGb+Gxr6j5TPlF.2","action":"Commit Response", "result":"Success", "context":Result: Success. cV=k2X/Fy0XEGb+Gxr6j5TPlF.0;server=akswtt01100000g;cloudType=Consumer;environment=Prod_southindia_prod-s01-004-apac-southindia;migrationStage=NotStarted}
{"logTime": "0421/164502", "correlationVector":"0TiRM65+t5BZlRNkwbVY4g","action":"Commit Request", "result":"", "context":Item count: 1
Contributing types: Device Info}
{"logTime": "0421/164503", "correlationVector":"0TiRM65+t5BZlRNkwbVY4g.1","action":"SyncServerConnectionManagerRequest", "result":"SYNC_SERVER_OK", "context":{"environment":"Prod_southindia_prod-s01-004-apac-southindia", "migrationStage":"NotStarted", "server":"akswtt011000016"}}
{"logTime": "0421/164503", "correlationVector":"0TiRM65+t5BZlRNkwbVY4g.2","action":"Commit Response", "result":"Success", "context":Result: Success. cV=0TiRM65+t5BZlRNkwbVY4g.0;server=akswtt011000016;cloudType=Consumer;environment=Prod_southindia_prod-s01-004-apac-southindia;migrationStage=NotStarted}
{"logTime": "0421/165811", "correlationVector":"a4x0HJorDi9f5LKOGL8KPP","action":"Commit Request", "result":"", "context":Item count: 1
Contributing types: Sessions}
{"logTime": "0421/165811", "correlationVector":"a4x0HJorDi9f5LKOGL8KPP.1","action":"SyncServerConnectionManagerRequest", "result":"SYNC_SERVER_OK", "context":{"environment":"Prod_southindia_prod-s01-004-apac-southindia", "migrationStage":"NotStarted", "server":"akswtt01100004z"}}
{"logTime": "0421/165811", "correlationVector":"a4x0HJorDi9f5LKOGL8KPP.2","action":"Commit Response", "result":"Success", "context":Result: Success. cV=a4x0HJorDi9f5LKOGL8KPP.0;server=akswtt01100004z;cloudType=Consumer;environment=Prod_southindia_prod-s01-004-apac-southindia;migrationStage=NotStarted}
{"logTime": "0421/171406", "correlationVector":"HO4w54TDiO/FLkxMiWaFiP","action":"Normal GetUpdate request", "result":"", "context":cV=HO4w54TDiO/FLkxMiWaFiP
Notified types: History}
{"logTime": "0421/171406", "correlationVector":"HO4w54TDiO/FLkxMiWaFiP.1","action":"SyncServerConnectionManagerRequest", "result":"SYNC_SERVER_OK", "context":{"environment":"Prod_southindia_prod-s01-004-apac-southindia", "migrationStage":"NotStarted", "server":"akswtt01100004p"}}
{"logTime": "0421/171406", "correlationVector":"HO4w54TDiO/FLkxMiWaFiP.2","action":"ProcessGetUpdates", "result":"Done", "context":{"dataType":"Sessions", "deleted":"1", "process_failed_to_decrypt":"0", "process_pending_decryption":"0", "process_success":"7", "total":"7"}}
{"logTime": "0421/171406", "correlationVector":"HO4w54TDiO/FLkxMiWaFiP.3","action":"ProcessGetUpdates", "result":"Done", "context":{"dataType":"Device Info", "deleted":"0", "process_failed_to_decrypt":"0", "process_pending_decryption":"0", "process_success":"1", "total":"1"}}
{"logTime": "0421/171406", "correlationVector":"HO4w54TDiO/FLkxMiWaFiP.4","action":"ProcessGetUpdates", "result":"Done", "context":{"dataType":"History", "deleted":"0", "process_failed_to_decrypt":"0", "process_pending_decryption":"0", "process_success":"3", "total":"3"}}
{"logTime": "0421/171406", "correlationVector":"HO4w54TDiO/FLkxMiWaFiP.5","action":"GetUpdates Response", "result":"Success", "context":Received 11 update(s). cV=HO4w54TDiO/FLkxMiWaFiP.0;server=akswtt01100004p;cloudType=Consumer;environment=Prod_southindia_prod-s01-004-apac-southindia;migrationStage=NotStarted}
{"logTime": "0421/171525", "correlationVector":"blyu7OtRLk01WfPZvYADEK","action":"Normal GetUpdate request", "result":"", "context":cV=blyu7OtRLk01WfPZvYADEK
Notified types: Autofill, History}
{"logTime": "0421/171525", "correlationVector":"blyu7OtRLk01WfPZvYADEK.1","action":"SyncServerConnectionManagerRequest", "result":"SYNC_SERVER_OK", "context":{"environment":"Prod_southindia_prod-s01-004-apac-southindia", "migrationStage":"NotStarted", "server":"akswtt011000036"}}
{"logTime": "0421/171525", "correlationVector":"blyu7OtRLk01WfPZvYADEK.2","action":"ProcessGetUpdates", "result":"Done", "context":{"dataType":"Autofill", "deleted":"0", "process_failed_to_decrypt":"0", "process_pending_decryption":"0", "process_success":"1", "total":"1"}}
{"logTime": "0421/171525", "correlationVector":"blyu7OtRLk01WfPZvYADEK.3","action":"ProcessGetUpdates", "result":"Done", "context":{"dataType":"Sessions", "deleted":"1", "process_failed_to_decrypt":"0", "process_pending_decryption":"0", "process_success":"4", "total":"4"}}
{"logTime": "0421/171525", "correlationVector":"blyu7OtRLk01WfPZvYADEK.4","action":"ProcessGetUpdates", "result":"Done", "context":{"dataType":"History", "deleted":"0", "process_failed_to_decrypt":"0", "process_pending_decryption":"0", "process_success":"4", "total":"4"}}
{"logTime": "0421/171525", "correlationVector":"blyu7OtRLk01WfPZvYADEK.5","action":"GetUpdates Response", "result":"Success", "context":Received 9 update(s). cV=blyu7OtRLk01WfPZvYADEK.0;server=akswtt011000036;cloudType=Consumer;environment=Prod_southindia_prod-s01-004-apac-southindia;migrationStage=NotStarted}
{"logTime": "0421/171650", "correlationVector":"8O7gvlaY+xkkxO0qTv12gU","action":"Normal GetUpdate request", "result":"", "context":cV=8O7gvlaY+xkkxO0qTv12gU
Notified types: History}
{"logTime": "0421/171650", "correlationVector":"8O7gvlaY+xkkxO0qTv12gU.1","action":"SyncServerConnectionManagerRequest", "result":"SYNC_SERVER_OK", "context":{"environment":"Prod_southindia_prod-s01-004-apac-southindia", "migrationStage":"NotStarted", "server":"akswtt01100004t"}}
{"logTime": "0421/171650", "correlationVector":"8O7gvlaY+xkkxO0qTv12gU.2","action":"ProcessGetUpdates", "result":"Done", "context":{"dataType":"Sessions", "deleted":"0", "process_failed_to_decrypt":"0", "process_pending_decryption":"0", "process_success":"1", "total":"1"}}
{"logTime": "0421/171650", "correlationVector":"8O7gvlaY+xkkxO0qTv12gU.3","action":"ProcessGetUpdates", "result":"Done", "context":{"dataType":"History", "deleted":"0", "process_failed_to_decrypt":"0", "process_pending_decryption":"0", "process_success":"3", "total":"3"}}
{"logTime": "0421/171650", "correlationVector":"8O7gvlaY+xkkxO0qTv12gU.4","action":"GetUpdates Response", "result":"Success", "context":Received 4 update(s). cV=8O7gvlaY+xkkxO0qTv12gU.0;server=akswtt01100004t;cloudType=Consumer;environment=Prod_southindia_prod-s01-004-apac-southindia;migrationStage=NotStarted}
{"logTime": "0421/172119", "correlationVector":"M6tFPeg5ZTewD3P5cMwtsM","action":"Normal GetUpdate request", "result":"", "context":cV=M6tFPeg5ZTewD3P5cMwtsM
Notified types: History}
{"logTime": "0421/172119", "correlationVector":"M6tFPeg5ZTewD3P5cMwtsM.1","action":"SyncServerConnectionManagerRequest", "result":"SYNC_SERVER_OK", "context":{"environment":"Prod_southindia_prod-s01-004-apac-southindia", "migrationStage":"NotStarted", "server":"akswtt01100004r"}}
{"logTime": "0421/172119", "correlationVector":"M6tFPeg5ZTewD3P5cMwtsM.2","action":"ProcessGetUpdates", "result":"Done", "context":{"dataType":"Sessions", "deleted":"0", "process_failed_to_decrypt":"0", "process_pending_decryption":"0", "process_success":"1", "total":"1"}}
{"logTime": "0421/172119", "correlationVector":"M6tFPeg5ZTewD3P5cMwtsM.3","action":"ProcessGetUpdates", "result":"Done", "context":{"dataType":"History", "deleted":"0", "process_failed_to_decrypt":"0", "process_pending_decryption":"0", "process_success":"2", "total":"2"}}
{"logTime": "0421/172119", "correlationVector":"M6tFPeg5ZTewD3P5cMwtsM.4","action":"GetUpdates Response", "result":"Success", "context":Received 3 update(s). cV=M6tFPeg5ZTewD3P5cMwtsM.0;server=akswtt01100004r;cloudType=Consumer;environment=Prod_southindia_prod-s01-004-apac-southindia;migrationStage=NotStarted}
{"logTime": "0421/172249", "correlationVector":"hpwLuH5c+eurdZ+k9oCRdu","action":"Normal GetUpdate request", "result":"", "context":cV=hpwLuH5c+eurdZ+k9oCRdu
Notified types: History}
{"logTime": "0421/172250", "correlationVector":"hpwLuH5c+eurdZ+k9oCRdu.1","action":"SyncServerConnectionManagerRequest", "result":"SYNC_SERVER_OK", "context":{"environment":"Prod_southindia_prod-s01-004-apac-southindia", "migrationStage":"NotStarted", "server":"akswtt01100002q"}}
{"logTime": "0421/172250", "correlationVector":"hpwLuH5c+eurdZ+k9oCRdu.2","action":"ProcessGetUpdates", "result":"Done", "context":{"dataType":"Sessions", "deleted":"1", "process_failed_to_decrypt":"0", "process_pending_decryption":"0", "process_success":"3", "total":"3"}}
{"logTime": "0421/172250", "correlationVector":"hpwLuH5c+eurdZ+k9oCRdu.3","action":"ProcessGetUpdates", "result":"Done", "context":{"dataType":"History", "deleted":"0", "process_failed_to_decrypt":"0", "process_pending_decryption":"0", "process_success":"3", "total":"3"}}
{"logTime": "0421/172250", "correlationVector":"hpwLuH5c+eurdZ+k9oCRdu.4","action":"GetUpdates Response", "result":"Success", "context":Received 6 update(s). cV=hpwLuH5c+eurdZ+k9oCRdu.0;server=akswtt01100002q;cloudType=Consumer;environment=Prod_southindia_prod-s01-004-apac-southindia;migrationStage=NotStarted}
{"logTime": "0421/181212", "correlationVector":"ILtFuuvxLMf14LHZp07jHP.1","action":"SyncServerConnectionManagerRequest", "result":"SYNC_SERVER_OK", "context":{"environment":"Prod_southindia_prod-s01-004-apac-southindia", "migrationStage":"NotStarted", "server":"akswtt011000012"}}
{"logTime": "0421/181212", "correlationVector":"ILtFuuvxLMf14LHZp07jHP.2","action":"ProcessGetUpdates", "result":"Done", "context":{"dataType":"Encryption Keys", "deleted":"0", "process_failed_to_decrypt":"0", "process_pending_decryption":"0", "process_success":"1", "total":"1"}}
{"logTime": "0421/181213", "correlationVector":"vdO6+/Ll0h0bNSESorngvL","action":"SyncServerConnectionManagerRequest", "result":"SYNC_SERVER_OK", "context":{"environment":"", "migrationStage":"", "server":""}}
{"logTime": "0421/181213", "correlationVector":"vdO6+/Ll0h0bNSESorngvL.0","action":"EncryptionKeysFetcher.DownloadKeys:", "result":"Success", "context":Key count: 2, Last key timestamp: 2025-04-13T10:49:33Z}
{"logTime": "0421/181213", "correlationVector":"vdO6+/Ll0h0bNSESorngvL.1","action":"EncryptionKeysManager::SetEncryptionKeys:", "result":"Success", "context":Key names[2]:[RZ4l7+cFHJaltL5JIicFmX73/hW2bR48dSMP02P5M2WgtBf1P3U7MxOjjQf6hzCS/zNnuIKPUOUx7fqFEqtz2w==][87okd6qHAYWoUKv3tByrBn/yKX9LcHIh5m1RFN9kg4c9LIfQmP4LynCuBiu6qt+ZbTLyCGcdQFoR00sefP0Jrw==]}
{"logTime": "0421/181213", "correlationVector":"vdO6+/Ll0h0bNSESorngvL.2","action":"EncryptionKeysManager::SetEncryptionKeysWithTimestamps:", "result":"Success", "context":Key timestamps[2]:[2024-10-14T15:44:55Z][2025-04-13T10:49:33Z]}
{"logTime": "0421/181213", "correlationVector":"ILtFuuvxLMf14LHZp07jHP","action":"Initial GetUpdates", "result":"", "context":Reason: NEW_CLIENT. cV=ILtFuuvxLMf14LHZp07jHP}
{"logTime": "0421/181213", "correlationVector":"ILtFuuvxLMf14LHZp07jHP.3","action":"GetUpdates Response", "result":"Success", "context":Received 1 update(s). cV=ILtFuuvxLMf14LHZp07jHP.0;server=akswtt011000012;cloudType=Consumer;environment=Prod_southindia_prod-s01-004-apac-southindia;migrationStage=NotStarted}
{"logTime": "0421/181213", "correlationVector":"rbZsmpEwg8PWwVLGonCk2e","action":"Initial GetUpdates", "result":"", "context":Reason: NEWLY_SUPPORTED_DATATYPE. cV=rbZsmpEwg8PWwVLGonCk2e}
{"logTime": "0421/181213", "correlationVector":"rbZsmpEwg8PWwVLGonCk2e.1","action":"SyncServerConnectionManagerRequest", "result":"SYNC_SERVER_OK", "context":{"environment":"Prod_southindia_prod-s01-004-apac-southindia", "migrationStage":"NotStarted", "server":"akswtt011000012"}}
{"logTime": "0421/181213", "correlationVector":"rbZsmpEwg8PWwVLGonCk2e.2","action":"ProcessGetUpdates", "result":"Done", "context":{"dataType":"Passwords", "deleted":"0", "process_failed_to_decrypt":"0", "process_pending_decryption":"0", "process_success":"19", "total":"19"}}
{"logTime": "0421/181213", "correlationVector":"rbZsmpEwg8PWwVLGonCk2e.3","action":"GetUpdates Response", "result":"Success", "context":Received 19 update(s). cV=rbZsmpEwg8PWwVLGonCk2e.0;server=akswtt011000012;cloudType=Consumer;environment=Prod_southindia_prod-s01-004-apac-southindia;migrationStage=NotStarted}
{"logTime": "0421/181213", "correlationVector":"/MNx0xmG3MDOe56WKVuu0T","action":"Normal GetUpdate request", "result":"", "context":cV=/MNx0xmG3MDOe56WKVuu0T
Nudged types: Sessions, Device Info, History
Refresh requested types: Bookmarks, Preferences, Passwords, Autofill Profiles, Autofill, Extensions, Sessions, Extension settings, History Delete Directives, Device Info, User Consents, Send Tab To Self, Web Apps, History, Saved Tab Group, Collection, Edge E Drop, Edge Hub App Usage, Edge Tab Group, Edge Wallet, Encryption Keys}
{"logTime": "0421/181213", "correlationVector":"/MNx0xmG3MDOe56WKVuu0T.1","action":"SyncServerConnectionManagerRequest", "result":"SYNC_SERVER_OK", "context":{"environment":"Prod_southindia_prod-s01-004-apac-southindia", "migrationStage":"NotStarted", "server":"akswtt01100000t"}}
{"logTime": "0421/181213", "correlationVector":"/MNx0xmG3MDOe56WKVuu0T.2","action":"ProcessGetUpdates", "result":"Done", "context":{"dataType":"Preferences", "deleted":"0", "process_failed_to_decrypt":"0", "process_pending_decryption":"0", "process_success":"2", "total":"2"}}
{"logTime": "0421/181213", "correlationVector":"/MNx0xmG3MDOe56WKVuu0T.3","action":"ProcessGetUpdates", "result":"Done", "context":{"dataType":"Sessions", "deleted":"1", "process_failed_to_decrypt":"0", "process_pending_decryption":"0", "process_success":"3", "total":"3"}}
{"logTime": "0421/181213", "correlationVector":"/MNx0xmG3MDOe56WKVuu0T.4","action":"ProcessGetUpdates", "result":"Done", "context":{"dataType":"Device Info", "deleted":"0", "process_failed_to_decrypt":"0", "process_pending_decryption":"0", "process_success":"1", "total":"1"}}
{"logTime": "0421/181213", "correlationVector":"/MNx0xmG3MDOe56WKVuu0T.5","action":"ProcessGetUpdates", "result":"Done", "context":{"dataType":"History", "deleted":"0", "process_failed_to_decrypt":"0", "process_pending_decryption":"0", "process_success":"4", "total":"4"}}
{"logTime": "0421/181213", "correlationVector":"/MNx0xmG3MDOe56WKVuu0T.6","action":"GetUpdates Response", "result":"Success", "context":Received 10 update(s). cV=/MNx0xmG3MDOe56WKVuu0T.0;server=akswtt01100000t;cloudType=Consumer;environment=Prod_southindia_prod-s01-004-apac-southindia;migrationStage=NotStarted}
{"logTime": "0421/181213", "correlationVector":"kZP0XV1fcRr4O7Ul14ihJb","action":"Commit Request", "result":"", "context":Item count: 4
Contributing types: Sessions, Device Info, History}
{"logTime": "0421/181214", "correlationVector":"kZP0XV1fcRr4O7Ul14ihJb.1","action":"SyncServerConnectionManagerRequest", "result":"SYNC_SERVER_OK", "context":{"environment":"Prod_southindia_prod-s01-004-apac-southindia", "migrationStage":"NotStarted", "server":"akswtt01100001y"}}
{"logTime": "0421/181214", "correlationVector":"kZP0XV1fcRr4O7Ul14ihJb.2","action":"Commit Response", "result":"Success", "context":Result: Success. cV=kZP0XV1fcRr4O7Ul14ihJb.0;server=akswtt01100001y;cloudType=Consumer;environment=Prod_southindia_prod-s01-004-apac-southindia;migrationStage=NotStarted}
{"logTime": "0421/181325", "correlationVector":"7MHxwPEeHmvJUFyJz1LvIy","action":"Commit Request", "result":"", "context":Item count: 2
Contributing types: Sessions, History}
{"logTime": "0421/181326", "correlationVector":"7MHxwPEeHmvJUFyJz1LvIy.1","action":"SyncServerConnectionManagerRequest", "result":"SYNC_SERVER_OK", "context":{"environment":"Prod_southindia_prod-s01-004-apac-southindia", "migrationStage":"NotStarted", "server":"akswtt01100001u"}}
{"logTime": "0421/181326", "correlationVector":"7MHxwPEeHmvJUFyJz1LvIy.2","action":"Commit Response", "result":"Success", "context":Result: Success. cV=7MHxwPEeHmvJUFyJz1LvIy.0;server=akswtt01100001u;cloudType=Consumer;environment=Prod_southindia_prod-s01-004-apac-southindia;migrationStage=NotStarted}
{"logTime": "0422/023145", "correlationVector":"YReahNYjO8Aotu6vaCLbXx.1","action":"SyncServerConnectionManagerRequest", "result":"SYNC_SERVER_OK", "context":{"environment":"Prod_southindia_prod-s01-004-apac-southindia", "migrationStage":"NotStarted", "server":"akswtt01100001u"}}
{"logTime": "0422/023145", "correlationVector":"YReahNYjO8Aotu6vaCLbXx.2","action":"ProcessGetUpdates", "result":"Done", "context":{"dataType":"Encryption Keys", "deleted":"0", "process_failed_to_decrypt":"0", "process_pending_decryption":"0", "process_success":"1", "total":"1"}}
{"logTime": "0422/023146", "correlationVector":"7M23ZoxN2uQ0tBaAVREOcb","action":"SyncServerConnectionManagerRequest", "result":"SYNC_SERVER_OK", "context":{"environment":"", "migrationStage":"", "server":""}}
{"logTime": "0422/023146", "correlationVector":"7M23ZoxN2uQ0tBaAVREOcb.0","action":"EncryptionKeysFetcher.DownloadKeys:", "result":"Success", "context":Key count: 2, Last key timestamp: 2025-04-13T10:49:33Z}
{"logTime": "0422/023146", "correlationVector":"7M23ZoxN2uQ0tBaAVREOcb.1","action":"EncryptionKeysManager::SetEncryptionKeys:", "result":"Success", "context":Key names[2]:[RZ4l7+cFHJaltL5JIicFmX73/hW2bR48dSMP02P5M2WgtBf1P3U7MxOjjQf6hzCS/zNnuIKPUOUx7fqFEqtz2w==][87okd6qHAYWoUKv3tByrBn/yKX9LcHIh5m1RFN9kg4c9LIfQmP4LynCuBiu6qt+ZbTLyCGcdQFoR00sefP0Jrw==]}
{"logTime": "0422/023146", "correlationVector":"7M23ZoxN2uQ0tBaAVREOcb.2","action":"EncryptionKeysManager::SetEncryptionKeysWithTimestamps:", "result":"Success", "context":Key timestamps[2]:[2024-10-14T15:44:55Z][2025-04-13T10:49:33Z]}
{"logTime": "0422/023146", "correlationVector":"YReahNYjO8Aotu6vaCLbXx","action":"Initial GetUpdates", "result":"", "context":Reason: NEW_CLIENT. cV=YReahNYjO8Aotu6vaCLbXx}
{"logTime": "0422/023146", "correlationVector":"YReahNYjO8Aotu6vaCLbXx.3","action":"GetUpdates Response", "result":"Success", "context":Received 1 update(s). cV=YReahNYjO8Aotu6vaCLbXx.0;server=akswtt01100001u;cloudType=Consumer;environment=Prod_southindia_prod-s01-004-apac-southindia;migrationStage=NotStarted}
{"logTime": "0422/023146", "correlationVector":"zQfilh8OEv95sflzNXvEOc","action":"Initial GetUpdates", "result":"", "context":Reason: NEWLY_SUPPORTED_DATATYPE. cV=zQfilh8OEv95sflzNXvEOc}
{"logTime": "0422/023146", "correlationVector":"zQfilh8OEv95sflzNXvEOc.1","action":"SyncServerConnectionManagerRequest", "result":"SYNC_SERVER_OK", "context":{"environment":"Prod_southindia_prod-s01-004-apac-southindia", "migrationStage":"NotStarted", "server":"akswtt01100000l"}}
{"logTime": "0422/023146", "correlationVector":"zQfilh8OEv95sflzNXvEOc.2","action":"ProcessGetUpdates", "result":"Done", "context":{"dataType":"Passwords", "deleted":"0", "process_failed_to_decrypt":"0", "process_pending_decryption":"0", "process_success":"19", "total":"19"}}
{"logTime": "0422/023146", "correlationVector":"zQfilh8OEv95sflzNXvEOc.3","action":"GetUpdates Response", "result":"Success", "context":Received 19 update(s). cV=zQfilh8OEv95sflzNXvEOc.0;server=akswtt01100000l;cloudType=Consumer;environment=Prod_southindia_prod-s01-004-apac-southindia;migrationStage=NotStarted}
{"logTime": "0422/023146", "correlationVector":"y4JMjDRaF+JKX1RXpIqEl2","action":"Normal GetUpdate request", "result":"", "context":cV=y4JMjDRaF+JKX1RXpIqEl2
Nudged types: Sessions, Device Info, History
Refresh requested types: Bookmarks, Preferences, Passwords, Autofill Profiles, Autofill, Extensions, Sessions, Extension settings, History Delete Directives, Device Info, User Consents, Send Tab To Self, Web Apps, History, Saved Tab Group, Collection, Edge E Drop, Edge Hub App Usage, Edge Tab Group, Edge Wallet, Encryption Keys}
{"logTime": "0422/023147", "correlationVector":"y4JMjDRaF+JKX1RXpIqEl2.1","action":"SyncServerConnectionManagerRequest", "result":"SYNC_SERVER_OK", "context":{"environment":"Prod_southindia_prod-s01-004-apac-southindia", "migrationStage":"NotStarted", "server":"akswtt01100001n"}}
{"logTime": "0422/023147", "correlationVector":"y4JMjDRaF+JKX1RXpIqEl2.2","action":"ProcessGetUpdates", "result":"Done", "context":{"dataType":"Preferences", "deleted":"0", "process_failed_to_decrypt":"0", "process_pending_decryption":"0", "process_success":"1", "total":"1"}}
{"logTime": "0422/023147", "correlationVector":"y4JMjDRaF+JKX1RXpIqEl2.3","action":"ProcessGetUpdates", "result":"Done", "context":{"dataType":"Autofill Profiles", "deleted":"0", "process_failed_to_decrypt":"0", "process_pending_decryption":"0", "process_success":"1", "total":"1"}}
{"logTime": "0422/023147", "correlationVector":"y4JMjDRaF+JKX1RXpIqEl2.4","action":"ProcessGetUpdates", "result":"Done", "context":{"dataType":"Autofill", "deleted":"0", "process_failed_to_decrypt":"0", "process_pending_decryption":"0", "process_success":"1", "total":"1"}}
{"logTime": "0422/023147", "correlationVector":"y4JMjDRaF+JKX1RXpIqEl2.5","action":"ProcessGetUpdates", "result":"Done", "context":{"dataType":"Sessions", "deleted":"3", "process_failed_to_decrypt":"0", "process_pending_decryption":"0", "process_success":"7", "total":"7"}}
{"logTime": "0422/023147", "correlationVector":"y4JMjDRaF+JKX1RXpIqEl2.6","action":"ProcessGetUpdates", "result":"Done", "context":{"dataType":"Device Info", "deleted":"0", "process_failed_to_decrypt":"0", "process_pending_decryption":"0", "process_success":"2", "total":"2"}}
{"logTime": "0422/023147", "correlationVector":"y4JMjDRaF+JKX1RXpIqEl2.7","action":"ProcessGetUpdates", "result":"Done", "context":{"dataType":"History", "deleted":"0", "process_failed_to_decrypt":"0", "process_pending_decryption":"0", "process_success":"19", "total":"19"}}
{"logTime": "0422/023147", "correlationVector":"y4JMjDRaF+JKX1RXpIqEl2.8","action":"GetUpdates Response", "result":"Success", "context":Received 31 update(s). cV=y4JMjDRaF+JKX1RXpIqEl2.0;server=akswtt01100001n;cloudType=Consumer;environment=Prod_southindia_prod-s01-004-apac-southindia;migrationStage=NotStarted}
{"logTime": "0422/023147", "correlationVector":"wi41AAJUE78uqKr+2r45iD","action":"Commit Request", "result":"", "context":Item count: 3
Contributing types: Sessions, Device Info}
{"logTime": "0422/023148", "correlationVector":"wi41AAJUE78uqKr+2r45iD.1","action":"SyncServerConnectionManagerRequest", "result":"SYNC_SERVER_OK", "context":{"environment":"Prod_southindia_prod-s01-004-apac-southindia", "migrationStage":"NotStarted", "server":"akswtt011000036"}}
{"logTime": "0422/023148", "correlationVector":"wi41AAJUE78uqKr+2r45iD.2","action":"Commit Response", "result":"Success", "context":Result: Success. cV=wi41AAJUE78uqKr+2r45iD.0;server=akswtt011000036;cloudType=Consumer;environment=Prod_southindia_prod-s01-004-apac-southindia;migrationStage=NotStarted}
{"logTime": "0422/023148", "correlationVector":"ztsUBNvSe8u0FkMvCNryoH","action":"Poll GetUpdate request", "result":"", "context":cV=ztsUBNvSe8u0FkMvCNryoH}
{"logTime": "0422/023148", "correlationVector":"ztsUBNvSe8u0FkMvCNryoH.1","action":"SyncServerConnectionManagerRequest", "result":"SYNC_SERVER_OK", "context":{"environment":"Prod_southindia_prod-s01-004-apac-southindia", "migrationStage":"NotStarted", "server":"akswtt01100004p"}}
{"logTime": "0422/023148", "correlationVector":"ztsUBNvSe8u0FkMvCNryoH.2","action":"ProcessGetUpdates", "result":"Done", "context":{"dataType":"Sessions", "deleted":"0", "process_failed_to_decrypt":"0", "process_pending_decryption":"0", "process_success":"2", "total":"2"}}
{"logTime": "0422/023148", "correlationVector":"ztsUBNvSe8u0FkMvCNryoH.3","action":"ProcessGetUpdates", "result":"Done", "context":{"dataType":"Device Info", "deleted":"0", "process_failed_to_decrypt":"0", "process_pending_decryption":"0", "process_success":"1", "total":"1"}}
{"logTime": "0422/023148", "correlationVector":"ztsUBNvSe8u0FkMvCNryoH.4","action":"GetUpdates Response", "result":"Success", "context":Received 3 update(s). cV=ztsUBNvSe8u0FkMvCNryoH.0;server=akswtt01100004p;cloudType=Consumer;environment=Prod_southindia_prod-s01-004-apac-southindia;migrationStage=NotStarted}
{"logTime": "0422/023302", "correlationVector":"OJjS7MGfAptH7dA3OgNTDr","action":"Commit Request", "result":"", "context":Item count: 2
Contributing types: Sessions, History}
{"logTime": "0422/023303", "correlationVector":"OJjS7MGfAptH7dA3OgNTDr.1","action":"SyncServerConnectionManagerRequest", "result":"SYNC_SERVER_OK", "context":{"environment":"Prod_southindia_prod-s01-004-apac-southindia", "migrationStage":"NotStarted", "server":"akswtt011000053"}}
{"logTime": "0422/023303", "correlationVector":"OJjS7MGfAptH7dA3OgNTDr.2","action":"Commit Response", "result":"Success", "context":Result: Success. cV=OJjS7MGfAptH7dA3OgNTDr.0;server=akswtt011000053;cloudType=Consumer;environment=Prod_southindia_prod-s01-004-apac-southindia;migrationStage=NotStarted}
{"logTime": "0422/024137", "correlationVector":"j0tWNn4JkzLvA3kSsTeBMg","action":"Commit Request", "result":"", "context":Item count: 1
Contributing types: Sessions}
{"logTime": "0422/024137", "correlationVector":"j0tWNn4JkzLvA3kSsTeBMg.1","action":"SyncServerConnectionManagerRequest", "result":"SYNC_SERVER_OK", "context":{"environment":"Prod_southindia_prod-s01-004-apac-southindia", "migrationStage":"NotStarted", "server":"akswtt01100004v"}}
{"logTime": "0422/024137", "correlationVector":"j0tWNn4JkzLvA3kSsTeBMg.2","action":"Commit Response", "result":"Success", "context":Result: Success. cV=j0tWNn4JkzLvA3kSsTeBMg.0;server=akswtt01100004v;cloudType=Consumer;environment=Prod_southindia_prod-s01-004-apac-southindia;migrationStage=NotStarted}
{"logTime": "0422/025135", "correlationVector":"ct6DvV5LVpZ8k54ysg+Dqk","action":"Commit Request", "result":"", "context":Item count: 1
Contributing types: Sessions}
{"logTime": "0422/025135", "correlationVector":"ct6DvV5LVpZ8k54ysg+Dqk.1","action":"SyncServerConnectionManagerRequest", "result":"SYNC_SERVER_OK", "context":{"environment":"Prod_southindia_prod-s01-004-apac-southindia", "migrationStage":"NotStarted", "server":"akswtt01100005w"}}
{"logTime": "0422/025135", "correlationVector":"ct6DvV5LVpZ8k54ysg+Dqk.2","action":"Commit Response", "result":"Success", "context":Result: Success. cV=ct6DvV5LVpZ8k54ysg+Dqk.0;server=akswtt01100005w;cloudType=Consumer;environment=Prod_southindia_prod-s01-004-apac-southindia;migrationStage=NotStarted}
{"logTime": "0422/030533", "correlationVector":"BinX/X3Lr+QUDYOsRaQWcs","action":"Commit Request", "result":"", "context":Item count: 3
Contributing types: Sessions, History}
{"logTime": "0422/030534", "correlationVector":"BinX/X3Lr+QUDYOsRaQWcs.1","action":"SyncServerConnectionManagerRequest", "result":"SYNC_SERVER_OK", "context":{"environment":"Prod_southindia_prod-s01-004-apac-southindia", "migrationStage":"NotStarted", "server":"akswtt01100002x"}}
{"logTime": "0422/030534", "correlationVector":"BinX/X3Lr+QUDYOsRaQWcs.2","action":"Commit Response", "result":"Success", "context":Result: Success. cV=BinX/X3Lr+QUDYOsRaQWcs.0;server=akswtt01100002x;cloudType=Consumer;environment=Prod_southindia_prod-s01-004-apac-southindia;migrationStage=NotStarted}
{"logTime": "0422/030902", "correlationVector":"aQT0elODG2ulsHxMVpRw2z","action":"Commit Request", "result":"", "context":Item count: 1
Contributing types: Sessions}
{"logTime": "0422/030902", "correlationVector":"aQT0elODG2ulsHxMVpRw2z.1","action":"SyncServerConnectionManagerRequest", "result":"SYNC_SERVER_OK", "context":{"environment":"Prod_southindia_prod-s01-004-apac-southindia", "migrationStage":"NotStarted", "server":"akswtt01100000k"}}
{"logTime": "0422/030902", "correlationVector":"aQT0elODG2ulsHxMVpRw2z.2","action":"Commit Response", "result":"Success", "context":Result: Success. cV=aQT0elODG2ulsHxMVpRw2z.0;server=akswtt01100000k;cloudType=Consumer;environment=Prod_southindia_prod-s01-004-apac-southindia;migrationStage=NotStarted}
{"logTime": "0422/030920", "correlationVector":"nGrEQu+IIGCpCsraJx+aHx","action":"Normal GetUpdate request", "result":"", "context":cV=nGrEQu+IIGCpCsraJx+aHx
Notified types: Device Info}
{"logTime": "0422/030920", "correlationVector":"nGrEQu+IIGCpCsraJx+aHx.1","action":"SyncServerConnectionManagerRequest", "result":"SYNC_SERVER_OK", "context":{"environment":"Prod_southindia_prod-s01-004-apac-southindia", "migrationStage":"NotStarted", "server":"akswtt01100002o"}}
{"logTime": "0422/030920", "correlationVector":"nGrEQu+IIGCpCsraJx+aHx.2","action":"ProcessGetUpdates", "result":"Done", "context":{"dataType":"Sessions", "deleted":"0", "process_failed_to_decrypt":"0", "process_pending_decryption":"0", "process_success":"2", "total":"2"}}
{"logTime": "0422/030920", "correlationVector":"nGrEQu+IIGCpCsraJx+aHx.3","action":"ProcessGetUpdates", "result":"Done", "context":{"dataType":"Device Info", "deleted":"0", "process_failed_to_decrypt":"0", "process_pending_decryption":"0", "process_success":"1", "total":"1"}}
{"logTime": "0422/030920", "correlationVector":"nGrEQu+IIGCpCsraJx+aHx.4","action":"ProcessGetUpdates", "result":"Done", "context":{"dataType":"History", "deleted":"0", "process_failed_to_decrypt":"0", "process_pending_decryption":"0", "process_success":"2", "total":"2"}}
{"logTime": "0422/030920", "correlationVector":"nGrEQu+IIGCpCsraJx+aHx.5","action":"GetUpdates Response", "result":"Success", "context":Received 5 update(s). cV=nGrEQu+IIGCpCsraJx+aHx.0;server=akswtt01100002o;cloudType=Consumer;environment=Prod_southindia_prod-s01-004-apac-southindia;migrationStage=NotStarted}
{"logTime": "0422/031627", "correlationVector":"5D4Jn86azg2oZmpP5UE2cK","action":"Commit Request", "result":"", "context":Item count: 1
Contributing types: Sessions}
{"logTime": "0422/031628", "correlationVector":"5D4Jn86azg2oZmpP5UE2cK.1","action":"SyncServerConnectionManagerRequest", "result":"SYNC_SERVER_OK", "context":{"environment":"Prod_southindia_prod-s01-004-apac-southindia", "migrationStage":"NotStarted", "server":"akswtt011000058"}}
{"logTime": "0422/031628", "correlationVector":"5D4Jn86azg2oZmpP5UE2cK.2","action":"Commit Response", "result":"Success", "context":Result: Success. cV=5D4Jn86azg2oZmpP5UE2cK.0;server=akswtt011000058;cloudType=Consumer;environment=Prod_southindia_prod-s01-004-apac-southindia;migrationStage=NotStarted}
{"logTime": "0422/031702", "correlationVector":"32ri3sWOd63TVM50Pr7pK2","action":"Normal GetUpdate request", "result":"", "context":cV=32ri3sWOd63TVM50Pr7pK2
Notified types: Device Info}
{"logTime": "0422/031702", "correlationVector":"32ri3sWOd63TVM50Pr7pK2.1","action":"SyncServerConnectionManagerRequest", "result":"SYNC_SERVER_OK", "context":{"environment":"Prod_southindia_prod-s01-004-apac-southindia", "migrationStage":"NotStarted", "server":"akswtt01100001x"}}
{"logTime": "0422/031702", "correlationVector":"32ri3sWOd63TVM50Pr7pK2.2","action":"ProcessGetUpdates", "result":"Done", "context":{"dataType":"Sessions", "deleted":"0", "process_failed_to_decrypt":"0", "process_pending_decryption":"0", "process_success":"2", "total":"2"}}
{"logTime": "0422/031702", "correlationVector":"32ri3sWOd63TVM50Pr7pK2.3","action":"ProcessGetUpdates", "result":"Done", "context":{"dataType":"Device Info", "deleted":"0", "process_failed_to_decrypt":"0", "process_pending_decryption":"0", "process_success":"1", "total":"1"}}
{"logTime": "0422/031702", "correlationVector":"32ri3sWOd63TVM50Pr7pK2.4","action":"GetUpdates Response", "result":"Success", "context":Received 3 update(s). cV=32ri3sWOd63TVM50Pr7pK2.0;server=akswtt01100001x;cloudType=Consumer;environment=Prod_southindia_prod-s01-004-apac-southindia;migrationStage=NotStarted}
{"logTime": "0422/031706", "correlationVector":"UqFux6B/QHa3wp1FK21yIf","action":"Normal GetUpdate request", "result":"", "context":cV=UqFux6B/QHa3wp1FK21yIf
Notified types: Preferences}
{"logTime": "0422/031707", "correlationVector":"UqFux6B/QHa3wp1FK21yIf.1","action":"SyncServerConnectionManagerRequest", "result":"SYNC_SERVER_OK", "context":{"environment":"Prod_southindia_prod-s01-004-apac-southindia", "migrationStage":"NotStarted", "server":"akswtt01100001l"}}
{"logTime": "0422/031707", "correlationVector":"UqFux6B/QHa3wp1FK21yIf.2","action":"ProcessGetUpdates", "result":"Done", "context":{"dataType":"Preferences", "deleted":"0", "process_failed_to_decrypt":"0", "process_pending_decryption":"0", "process_success":"1", "total":"1"}}
{"logTime": "0422/031707", "correlationVector":"UqFux6B/QHa3wp1FK21yIf.3","action":"GetUpdates Response", "result":"Success", "context":Received 1 update(s). cV=UqFux6B/QHa3wp1FK21yIf.0;server=akswtt01100001l;cloudType=Consumer;environment=Prod_southindia_prod-s01-004-apac-southindia;migrationStage=NotStarted}
{"logTime": "0422/031721", "correlationVector":"JCS8E/wOwO8TalBpU2sUxW","action":"Normal GetUpdate request", "result":"", "context":cV=JCS8E/wOwO8TalBpU2sUxW
Notified types: Device Info}
{"logTime": "0422/031721", "correlationVector":"JCS8E/wOwO8TalBpU2sUxW.1","action":"SyncServerConnectionManagerRequest", "result":"SYNC_SERVER_OK", "context":{"environment":"Prod_southindia_prod-s01-004-apac-southindia", "migrationStage":"NotStarted", "server":"akswtt01100004t"}}
{"logTime": "0422/031721", "correlationVector":"JCS8E/wOwO8TalBpU2sUxW.2","action":"ProcessGetUpdates", "result":"Done", "context":{"dataType":"Sessions", "deleted":"0", "process_failed_to_decrypt":"0", "process_pending_decryption":"0", "process_success":"2", "total":"2"}}
{"logTime": "0422/031721", "correlationVector":"JCS8E/wOwO8TalBpU2sUxW.3","action":"ProcessGetUpdates", "result":"Done", "context":{"dataType":"Device Info", "deleted":"0", "process_failed_to_decrypt":"0", "process_pending_decryption":"0", "process_success":"1", "total":"1"}}
{"logTime": "0422/031721", "correlationVector":"JCS8E/wOwO8TalBpU2sUxW.4","action":"GetUpdates Response", "result":"Success", "context":Received 3 update(s). cV=JCS8E/wOwO8TalBpU2sUxW.0;server=akswtt01100004t;cloudType=Consumer;environment=Prod_southindia_prod-s01-004-apac-southindia;migrationStage=NotStarted}
{"logTime": "0422/031726", "correlationVector":"wolAyiFshXUwYSyPgYe33y","action":"Normal GetUpdate request", "result":"", "context":cV=wolAyiFshXUwYSyPgYe33y
Notified types: Preferences}
{"logTime": "0422/031726", "correlationVector":"wolAyiFshXUwYSyPgYe33y.1","action":"SyncServerConnectionManagerRequest", "result":"SYNC_SERVER_OK", "context":{"environment":"Prod_southindia_prod-s01-004-apac-southindia", "migrationStage":"NotStarted", "server":"akswtt01100004r"}}
{"logTime": "0422/031726", "correlationVector":"wolAyiFshXUwYSyPgYe33y.2","action":"ProcessGetUpdates", "result":"Done", "context":{"dataType":"Preferences", "deleted":"0", "process_failed_to_decrypt":"0", "process_pending_decryption":"0", "process_success":"1", "total":"1"}}
{"logTime": "0422/031726", "correlationVector":"wolAyiFshXUwYSyPgYe33y.3","action":"GetUpdates Response", "result":"Success", "context":Received 1 update(s). cV=wolAyiFshXUwYSyPgYe33y.0;server=akswtt01100004r;cloudType=Consumer;environment=Prod_southindia_prod-s01-004-apac-southindia;migrationStage=NotStarted}
{"logTime": "0422/031858", "correlationVector":"VFHHUmfm5lxp0Ze23Tk2yK","action":"Commit Request", "result":"", "context":Item count: 1
Contributing types: Sessions}
{"logTime": "0422/031858", "correlationVector":"VFHHUmfm5lxp0Ze23Tk2yK.1","action":"SyncServerConnectionManagerRequest", "result":"SYNC_SERVER_OK", "context":{"environment":"Prod_southindia_prod-s01-004-apac-southindia", "migrationStage":"NotStarted", "server":"akswtt011000053"}}
{"logTime": "0422/031858", "correlationVector":"VFHHUmfm5lxp0Ze23Tk2yK.2","action":"Commit Response", "result":"Success", "context":Result: Success. cV=VFHHUmfm5lxp0Ze23Tk2yK.0;server=akswtt011000053;cloudType=Consumer;environment=Prod_southindia_prod-s01-004-apac-southindia;migrationStage=NotStarted}
{"logTime": "0422/033006", "correlationVector":"0wHPS9icZbxT4aifiKDKUB","action":"Commit Request", "result":"", "context":Item count: 1
Contributing types: Sessions}
{"logTime": "0422/033007", "correlationVector":"0wHPS9icZbxT4aifiKDKUB.1","action":"SyncServerConnectionManagerRequest", "result":"SYNC_SERVER_OK", "context":{"environment":"Prod_southindia_prod-s01-004-apac-southindia", "migrationStage":"NotStarted", "server":"akswtt01100005t"}}
{"logTime": "0422/033007", "correlationVector":"0wHPS9icZbxT4aifiKDKUB.2","action":"Commit Response", "result":"Success", "context":Result: Success. cV=0wHPS9icZbxT4aifiKDKUB.0;server=akswtt01100005t;cloudType=Consumer;environment=Prod_southindia_prod-s01-004-apac-southindia;migrationStage=NotStarted}
{"logTime": "0422/033226", "correlationVector":"4LPGm4YuAmVEkivka8W6c6","action":"Normal GetUpdate request", "result":"", "context":cV=4LPGm4YuAmVEkivka8W6c6
Notified types: Device Info}
{"logTime": "0422/033227", "correlationVector":"4LPGm4YuAmVEkivka8W6c6.1","action":"SyncServerConnectionManagerRequest", "result":"SYNC_SERVER_OK", "context":{"environment":"Prod_southindia_prod-s01-004-apac-southindia", "migrationStage":"NotStarted", "server":"akswtt01100005e"}}
{"logTime": "0422/033227", "correlationVector":"4LPGm4YuAmVEkivka8W6c6.2","action":"ProcessGetUpdates", "result":"Done", "context":{"dataType":"Sessions", "deleted":"0", "process_failed_to_decrypt":"0", "process_pending_decryption":"0", "process_success":"3", "total":"3"}}
{"logTime": "0422/033227", "correlationVector":"4LPGm4YuAmVEkivka8W6c6.3","action":"ProcessGetUpdates", "result":"Done", "context":{"dataType":"Device Info", "deleted":"0", "process_failed_to_decrypt":"0", "process_pending_decryption":"0", "process_success":"1", "total":"1"}}
{"logTime": "0422/033227", "correlationVector":"4LPGm4YuAmVEkivka8W6c6.4","action":"GetUpdates Response", "result":"Success", "context":Received 4 update(s). cV=4LPGm4YuAmVEkivka8W6c6.0;server=akswtt01100005e;cloudType=Consumer;environment=Prod_southindia_prod-s01-004-apac-southindia;migrationStage=NotStarted}
{"logTime": "0422/033658", "correlationVector":"oC8ZkUv0vi2iSUJg/qC/ii","action":"Normal GetUpdate request", "result":"", "context":cV=oC8ZkUv0vi2iSUJg/qC/ii
Notified types: Device Info}
{"logTime": "0422/033659", "correlationVector":"oC8ZkUv0vi2iSUJg/qC/ii.1","action":"SyncServerConnectionManagerRequest", "result":"SYNC_SERVER_OK", "context":{"environment":"Prod_southindia_prod-s01-004-apac-southindia", "migrationStage":"NotStarted", "server":"akswtt01100002t"}}
{"logTime": "0422/033659", "correlationVector":"oC8ZkUv0vi2iSUJg/qC/ii.2","action":"ProcessGetUpdates", "result":"Done", "context":{"dataType":"Sessions", "deleted":"0", "process_failed_to_decrypt":"0", "process_pending_decryption":"0", "process_success":"2", "total":"2"}}
{"logTime": "0422/033659", "correlationVector":"oC8ZkUv0vi2iSUJg/qC/ii.3","action":"ProcessGetUpdates", "result":"Done", "context":{"dataType":"Device Info", "deleted":"0", "process_failed_to_decrypt":"0", "process_pending_decryption":"0", "process_success":"1", "total":"1"}}
{"logTime": "0422/033659", "correlationVector":"oC8ZkUv0vi2iSUJg/qC/ii.4","action":"GetUpdates Response", "result":"Success", "context":Received 3 update(s). cV=oC8ZkUv0vi2iSUJg/qC/ii.0;server=akswtt01100002t;cloudType=Consumer;environment=Prod_southindia_prod-s01-004-apac-southindia;migrationStage=NotStarted}
{"logTime": "0422/033703", "correlationVector":"Guh86iEcBSo5MNt31GY/88","action":"Normal GetUpdate request", "result":"", "context":cV=Guh86iEcBSo5MNt31GY/88
Notified types: Preferences}
{"logTime": "0422/033703", "correlationVector":"Guh86iEcBSo5MNt31GY/88.1","action":"SyncServerConnectionManagerRequest", "result":"SYNC_SERVER_OK", "context":{"environment":"Prod_southindia_prod-s01-004-apac-southindia", "migrationStage":"NotStarted", "server":"akswtt011000034"}}
{"logTime": "0422/033703", "correlationVector":"Guh86iEcBSo5MNt31GY/88.2","action":"ProcessGetUpdates", "result":"Done", "context":{"dataType":"Preferences", "deleted":"0", "process_failed_to_decrypt":"0", "process_pending_decryption":"0", "process_success":"1", "total":"1"}}
{"logTime": "0422/033703", "correlationVector":"Guh86iEcBSo5MNt31GY/88.3","action":"ProcessGetUpdates", "result":"Done", "context":{"dataType":"Sessions", "deleted":"0", "process_failed_to_decrypt":"0", "process_pending_decryption":"0", "process_success":"2", "total":"2"}}
{"logTime": "0422/033703", "correlationVector":"Guh86iEcBSo5MNt31GY/88.4","action":"GetUpdates Response", "result":"Success", "context":Received 3 update(s). cV=Guh86iEcBSo5MNt31GY/88.0;server=akswtt011000034;cloudType=Consumer;environment=Prod_southindia_prod-s01-004-apac-southindia;migrationStage=NotStarted}
{"logTime": "0422/033839", "correlationVector":"hryqfditx1CZynLohBWaam","action":"Commit Request", "result":"", "context":Item count: 1
Contributing types: Sessions}
{"logTime": "0422/033839", "correlationVector":"hryqfditx1CZynLohBWaam.1","action":"SyncServerConnectionManagerRequest", "result":"SYNC_SERVER_OK", "context":{"environment":"Prod_southindia_prod-s01-004-apac-southindia", "migrationStage":"NotStarted", "server":"akswtt011000050"}}
{"logTime": "0422/033839", "correlationVector":"hryqfditx1CZynLohBWaam.2","action":"Commit Response", "result":"Success", "context":Result: Success. cV=hryqfditx1CZynLohBWaam.0;server=akswtt011000050;cloudType=Consumer;environment=Prod_southindia_prod-s01-004-apac-southindia;migrationStage=NotStarted}
{"logTime": "0422/034154", "correlationVector":"sT75x5YMI1hEVghewmAoJb","action":"Commit Request", "result":"", "context":Item count: 1
Contributing types: Sessions}
{"logTime": "0422/034154", "correlationVector":"sT75x5YMI1hEVghewmAoJb.1","action":"SyncServerConnectionManagerRequest", "result":"SYNC_SERVER_OK", "context":{"environment":"Prod_southindia_prod-s01-004-apac-southindia", "migrationStage":"NotStarted", "server":"akswtt01100000x"}}
{"logTime": "0422/034154", "correlationVector":"sT75x5YMI1hEVghewmAoJb.2","action":"Commit Response", "result":"Success", "context":Result: Success. cV=sT75x5YMI1hEVghewmAoJb.0;server=akswtt01100000x;cloudType=Consumer;environment=Prod_southindia_prod-s01-004-apac-southindia;migrationStage=NotStarted}
{"logTime": "0422/040827", "correlationVector":"QiMrPJgjOtmDKCvZCHk1S2.1","action":"SyncServerConnectionManagerRequest", "result":"SYNC_SERVER_OK", "context":{"environment":"Prod_southindia_prod-s01-004-apac-southindia", "migrationStage":"NotStarted", "server":"akswtt01100002p"}}
{"logTime": "0422/040827", "correlationVector":"QiMrPJgjOtmDKCvZCHk1S2.2","action":"ProcessGetUpdates", "result":"Done", "context":{"dataType":"Encryption Keys", "deleted":"0", "process_failed_to_decrypt":"0", "process_pending_decryption":"0", "process_success":"1", "total":"1"}}
{"logTime": "0422/040828", "correlationVector":"+JWklNutJ+G6pRl4dibjX1","action":"SyncServerConnectionManagerRequest", "result":"SYNC_SERVER_OK", "context":{"environment":"", "migrationStage":"", "server":""}}
{"logTime": "0422/040828", "correlationVector":"+JWklNutJ+G6pRl4dibjX1.0","action":"EncryptionKeysFetcher.DownloadKeys:", "result":"Success", "context":Key count: 2, Last key timestamp: 2025-04-13T10:49:33Z}
{"logTime": "0422/040828", "correlationVector":"+JWklNutJ+G6pRl4dibjX1.1","action":"EncryptionKeysManager::SetEncryptionKeys:", "result":"Success", "context":Key names[2]:[RZ4l7+cFHJaltL5JIicFmX73/hW2bR48dSMP02P5M2WgtBf1P3U7MxOjjQf6hzCS/zNnuIKPUOUx7fqFEqtz2w==][87okd6qHAYWoUKv3tByrBn/yKX9LcHIh5m1RFN9kg4c9LIfQmP4LynCuBiu6qt+ZbTLyCGcdQFoR00sefP0Jrw==]}
{"logTime": "0422/040828", "correlationVector":"+JWklNutJ+G6pRl4dibjX1.2","action":"EncryptionKeysManager::SetEncryptionKeysWithTimestamps:", "result":"Success", "context":Key timestamps[2]:[2024-10-14T15:44:55Z][2025-04-13T10:49:33Z]}
{"logTime": "0422/040828", "correlationVector":"QiMrPJgjOtmDKCvZCHk1S2","action":"Initial GetUpdates", "result":"", "context":Reason: NEW_CLIENT. cV=QiMrPJgjOtmDKCvZCHk1S2}
{"logTime": "0422/040828", "correlationVector":"QiMrPJgjOtmDKCvZCHk1S2.3","action":"GetUpdates Response", "result":"Success", "context":Received 1 update(s). cV=QiMrPJgjOtmDKCvZCHk1S2.0;server=akswtt01100002p;cloudType=Consumer;environment=Prod_southindia_prod-s01-004-apac-southindia;migrationStage=NotStarted}
{"logTime": "0422/040828", "correlationVector":"2f7MNziBeK6hvUTZ6TWvOB","action":"Initial GetUpdates", "result":"", "context":Reason: NEWLY_SUPPORTED_DATATYPE. cV=2f7MNziBeK6hvUTZ6TWvOB}
{"logTime": "0422/040828", "correlationVector":"2f7MNziBeK6hvUTZ6TWvOB.1","action":"SyncServerConnectionManagerRequest", "result":"SYNC_SERVER_OK", "context":{"environment":"Prod_southindia_prod-s01-004-apac-southindia", "migrationStage":"NotStarted", "server":"akswtt011000003"}}
{"logTime": "0422/040828", "correlationVector":"2f7MNziBeK6hvUTZ6TWvOB.2","action":"ProcessGetUpdates", "result":"Done", "context":{"dataType":"Passwords", "deleted":"0", "process_failed_to_decrypt":"0", "process_pending_decryption":"0", "process_success":"19", "total":"19"}}
{"logTime": "0422/040828", "correlationVector":"2f7MNziBeK6hvUTZ6TWvOB.3","action":"GetUpdates Response", "result":"Success", "context":Received 19 update(s). cV=2f7MNziBeK6hvUTZ6TWvOB.0;server=akswtt011000003;cloudType=Consumer;environment=Prod_southindia_prod-s01-004-apac-southindia;migrationStage=NotStarted}
{"logTime": "0422/040828", "correlationVector":"XVnRz8nKPQA8wiU+iydDFG","action":"Normal GetUpdate request", "result":"", "context":cV=XVnRz8nKPQA8wiU+iydDFG
Nudged types: Sessions, Device Info
Refresh requested types: Bookmarks, Preferences, Passwords, Autofill Profiles, Autofill, Extensions, Sessions, Extension settings, History Delete Directives, Device Info, User Consents, Send Tab To Self, Web Apps, History, Saved Tab Group, Collection, Edge E Drop, Edge Hub App Usage, Edge Tab Group, Edge Wallet, Encryption Keys}
{"logTime": "0422/040828", "correlationVector":"XVnRz8nKPQA8wiU+iydDFG.1","action":"SyncServerConnectionManagerRequest", "result":"SYNC_SERVER_OK", "context":{"environment":"Prod_southindia_prod-s01-004-apac-southindia", "migrationStage":"NotStarted", "server":"akswtt01100002o"}}
{"logTime": "0422/040828", "correlationVector":"XVnRz8nKPQA8wiU+iydDFG.2","action":"ProcessGetUpdates", "result":"Done", "context":{"dataType":"Sessions", "deleted":"2", "process_failed_to_decrypt":"0", "process_pending_decryption":"0", "process_success":"7", "total":"7"}}
{"logTime": "0422/040828", "correlationVector":"XVnRz8nKPQA8wiU+iydDFG.3","action":"ProcessGetUpdates", "result":"Done", "context":{"dataType":"History", "deleted":"0", "process_failed_to_decrypt":"0", "process_pending_decryption":"0", "process_success":"2", "total":"2"}}
{"logTime": "0422/040828", "correlationVector":"XVnRz8nKPQA8wiU+iydDFG.4","action":"GetUpdates Response", "result":"Success", "context":Received 9 update(s). cV=XVnRz8nKPQA8wiU+iydDFG.0;server=akswtt01100002o;cloudType=Consumer;environment=Prod_southindia_prod-s01-004-apac-southindia;migrationStage=NotStarted}
{"logTime": "0422/040829", "correlationVector":"WjcSLAREYDCpqPf9vl0Bb+","action":"Commit Request", "result":"", "context":Item count: 3
Contributing types: Sessions, Device Info}
{"logTime": "0422/040829", "correlationVector":"WjcSLAREYDCpqPf9vl0Bb+.1","action":"SyncServerConnectionManagerRequest", "result":"SYNC_SERVER_OK", "context":{"environment":"Prod_southindia_prod-s01-004-apac-southindia", "migrationStage":"NotStarted", "server":"akswtt011000027"}}
{"logTime": "0422/040829", "correlationVector":"WjcSLAREYDCpqPf9vl0Bb+.2","action":"Commit Response", "result":"Success", "context":Result: Success. cV=WjcSLAREYDCpqPf9vl0Bb+.0;server=akswtt011000027;cloudType=Consumer;environment=Prod_southindia_prod-s01-004-apac-southindia;migrationStage=NotStarted}
{"logTime": "0422/040946", "correlationVector":"QmwrKFTP0Eoie/kO6o/fqU","action":"Commit Request", "result":"", "context":Item count: 2
Contributing types: Sessions, History}
{"logTime": "0422/040947", "correlationVector":"QmwrKFTP0Eoie/kO6o/fqU.1","action":"SyncServerConnectionManagerRequest", "result":"SYNC_SERVER_OK", "context":{"environment":"Prod_southindia_prod-s01-004-apac-southindia", "migrationStage":"NotStarted", "server":"akswtt011000021"}}
{"logTime": "0422/040947", "correlationVector":"QmwrKFTP0Eoie/kO6o/fqU.2","action":"Commit Response", "result":"Success", "context":Result: Success. cV=QmwrKFTP0Eoie/kO6o/fqU.0;server=akswtt011000021;cloudType=Consumer;environment=Prod_southindia_prod-s01-004-apac-southindia;migrationStage=NotStarted}
{"logTime": "0422/042541", "correlationVector":"A1k7oeso538/lOXjTMlFF3","action":"Commit Request", "result":"", "context":Item count: 1
Contributing types: Sessions}
{"logTime": "0422/042542", "correlationVector":"A1k7oeso538/lOXjTMlFF3.1","action":"SyncServerConnectionManagerRequest", "result":"SYNC_SERVER_OK", "context":{"environment":"Prod_southindia_prod-s01-004-apac-southindia", "migrationStage":"NotStarted", "server":"akswtt011000021"}}
{"logTime": "0422/042542", "correlationVector":"A1k7oeso538/lOXjTMlFF3.2","action":"Commit Response", "result":"Success", "context":Result: Success. cV=A1k7oeso538/lOXjTMlFF3.0;server=akswtt011000021;cloudType=Consumer;environment=Prod_southindia_prod-s01-004-apac-southindia;migrationStage=NotStarted}
{"logTime": "0424/172618", "correlationVector":"nvwQOPgWC1Hg3YLGkuvuZq.1","action":"SyncServerConnectionManagerRequest", "result":"SYNC_SERVER_OK", "context":{"environment":"Prod_southindia_prod-s01-004-apac-southindia", "migrationStage":"NotStarted", "server":"akswtt011000039"}}
{"logTime": "0424/172618", "correlationVector":"nvwQOPgWC1Hg3YLGkuvuZq.2","action":"ProcessGetUpdates", "result":"Done", "context":{"dataType":"Encryption Keys", "deleted":"0", "process_failed_to_decrypt":"0", "process_pending_decryption":"0", "process_success":"1", "total":"1"}}
{"logTime": "0424/172619", "correlationVector":"DX/FYkIpr6kHVylgvGXisf","action":"SyncServerConnectionManagerRequest", "result":"SYNC_SERVER_OK", "context":{"environment":"", "migrationStage":"", "server":""}}
{"logTime": "0424/172619", "correlationVector":"DX/FYkIpr6kHVylgvGXisf.0","action":"EncryptionKeysFetcher.DownloadKeys:", "result":"Success", "context":Key count: 2, Last key timestamp: 2025-04-13T10:49:33Z}
{"logTime": "0424/172620", "correlationVector":"DX/FYkIpr6kHVylgvGXisf.1","action":"EncryptionKeysManager::SetEncryptionKeys:", "result":"Success", "context":Key names[2]:[RZ4l7+cFHJaltL5JIicFmX73/hW2bR48dSMP02P5M2WgtBf1P3U7MxOjjQf6hzCS/zNnuIKPUOUx7fqFEqtz2w==][87okd6qHAYWoUKv3tByrBn/yKX9LcHIh5m1RFN9kg4c9LIfQmP4LynCuBiu6qt+ZbTLyCGcdQFoR00sefP0Jrw==]}
{"logTime": "0424/172620", "correlationVector":"DX/FYkIpr6kHVylgvGXisf.2","action":"EncryptionKeysManager::SetEncryptionKeysWithTimestamps:", "result":"Success", "context":Key timestamps[2]:[2024-10-14T15:44:55Z][2025-04-13T10:49:33Z]}
{"logTime": "0424/172620", "correlationVector":"nvwQOPgWC1Hg3YLGkuvuZq","action":"Initial GetUpdates", "result":"", "context":Reason: NEW_CLIENT. cV=nvwQOPgWC1Hg3YLGkuvuZq}
{"logTime": "0424/172620", "correlationVector":"nvwQOPgWC1Hg3YLGkuvuZq.3","action":"GetUpdates Response", "result":"Success", "context":Received 1 update(s). cV=nvwQOPgWC1Hg3YLGkuvuZq.0;server=akswtt011000039;cloudType=Consumer;environment=Prod_southindia_prod-s01-004-apac-southindia;migrationStage=NotStarted}
{"logTime": "0424/172620", "correlationVector":"xJSSgJ3FlN1aRiFkIXuG4l","action":"Initial GetUpdates", "result":"", "context":Reason: NEWLY_SUPPORTED_DATATYPE. cV=xJSSgJ3FlN1aRiFkIXuG4l}
{"logTime": "0424/172620", "correlationVector":"xJSSgJ3FlN1aRiFkIXuG4l.1","action":"SyncServerConnectionManagerRequest", "result":"SYNC_SERVER_OK", "context":{"environment":"Prod_southindia_prod-s01-004-apac-southindia", "migrationStage":"NotStarted", "server":"akswtt01100003a"}}
{"logTime": "0424/172620", "correlationVector":"xJSSgJ3FlN1aRiFkIXuG4l.2","action":"ProcessGetUpdates", "result":"Done", "context":{"dataType":"Passwords", "deleted":"0", "process_failed_to_decrypt":"0", "process_pending_decryption":"0", "process_success":"21", "total":"21"}}
{"logTime": "0424/172620", "correlationVector":"xJSSgJ3FlN1aRiFkIXuG4l.3","action":"GetUpdates Response", "result":"Success", "context":Received 21 update(s). cV=xJSSgJ3FlN1aRiFkIXuG4l.0;server=akswtt01100003a;cloudType=Consumer;environment=Prod_southindia_prod-s01-004-apac-southindia;migrationStage=NotStarted}
{"logTime": "0424/172620", "correlationVector":"uajaOW+R1rgaRnhyIFjT40","action":"Normal GetUpdate request", "result":"", "context":cV=uajaOW+R1rgaRnhyIFjT40
Nudged types: Sessions, Device Info, History
Refresh requested types: Bookmarks, Preferences, Passwords, Autofill Profiles, Autofill, Extensions, Sessions, Extension settings, History Delete Directives, Device Info, User Consents, Send Tab To Self, Web Apps, History, Saved Tab Group, Collection, Edge E Drop, Edge Hub App Usage, Edge Tab Group, Edge Wallet, Encryption Keys}
{"logTime": "0424/172621", "correlationVector":"uajaOW+R1rgaRnhyIFjT40.1","action":"SyncServerConnectionManagerRequest", "result":"SYNC_SERVER_OK", "context":{"environment":"Prod_southindia_prod-s01-004-apac-southindia", "migrationStage":"NotStarted", "server":"akswtt01100004t"}}
{"logTime": "0424/172621", "correlationVector":"uajaOW+R1rgaRnhyIFjT40.2","action":"ProcessGetUpdates", "result":"Done", "context":{"dataType":"Preferences", "deleted":"0", "process_failed_to_decrypt":"0", "process_pending_decryption":"0", "process_success":"6", "total":"6"}}
{"logTime": "0424/172621", "correlationVector":"uajaOW+R1rgaRnhyIFjT40.3","action":"ProcessGetUpdates", "result":"Done", "context":{"dataType":"Autofill Profiles", "deleted":"0", "process_failed_to_decrypt":"0", "process_pending_decryption":"0", "process_success":"5", "total":"5"}}
{"logTime": "0424/172621", "correlationVector":"uajaOW+R1rgaRnhyIFjT40.4","action":"ProcessGetUpdates", "result":"Done", "context":{"dataType":"Autofill", "deleted":"0", "process_failed_to_decrypt":"0", "process_pending_decryption":"0", "process_success":"16", "total":"16"}}
{"logTime": "0424/172621", "correlationVector":"uajaOW+R1rgaRnhyIFjT40.5","action":"ProcessGetUpdates", "result":"Done", "context":{"dataType":"Sessions", "deleted":"25", "process_failed_to_decrypt":"0", "process_pending_decryption":"0", "process_success":"34", "total":"34"}}
{"logTime": "0424/172621", "correlationVector":"uajaOW+R1rgaRnhyIFjT40.6","action":"ProcessGetUpdates", "result":"Done", "context":{"dataType":"Device Info", "deleted":"0", "process_failed_to_decrypt":"0", "process_pending_decryption":"0", "process_success":"3", "total":"3"}}
{"logTime": "0424/172621", "correlationVector":"uajaOW+R1rgaRnhyIFjT40.7","action":"ProcessGetUpdates", "result":"Done", "context":{"dataType":"History", "deleted":"0", "process_failed_to_decrypt":"0", "process_pending_decryption":"0", "process_success":"135", "total":"135"}}
{"logTime": "0424/172621", "correlationVector":"uajaOW+R1rgaRnhyIFjT40.8","action":"GetUpdates Response", "result":"Success", "context":Received 199 update(s). cV=uajaOW+R1rgaRnhyIFjT40.0;server=akswtt01100004t;cloudType=Consumer;environment=Prod_southindia_prod-s01-004-apac-southindia;migrationStage=NotStarted}
{"logTime": "0424/172627", "correlationVector":"sFxMfRSsXhVQsQ3ep0VsJd","action":"Poll GetUpdate request", "result":"", "context":cV=sFxMfRSsXhVQsQ3ep0VsJd}
{"logTime": "0424/172627", "correlationVector":"sFxMfRSsXhVQsQ3ep0VsJd.1","action":"SyncServerConnectionManagerRequest", "result":"SYNC_SERVER_OK", "context":{"environment":"Prod_southindia_prod-s01-004-apac-southindia", "migrationStage":"NotStarted", "server":"akswtt01100002m"}}
{"logTime": "0424/172627", "correlationVector":"sFxMfRSsXhVQsQ3ep0VsJd.2","action":"GetUpdates Response", "result":"Success", "context":Received 0 update(s). cV=sFxMfRSsXhVQsQ3ep0VsJd.0;server=akswtt01100002m;cloudType=Consumer;environment=Prod_southindia_prod-s01-004-apac-southindia;migrationStage=NotStarted}
{"logTime": "0424/172741", "correlationVector":"rfHhD62mF8dgkmHsUkRZRc","action":"Commit Request", "result":"", "context":Item count: 3
Contributing types: Sessions, History}
{"logTime": "0424/172741", "correlationVector":"rfHhD62mF8dgkmHsUkRZRc.1","action":"SyncServerConnectionManagerRequest", "result":"SYNC_SERVER_OK", "context":{"environment":"Prod_southindia_prod-s01-004-apac-southindia", "migrationStage":"NotStarted", "server":"akswtt01100001d"}}
{"logTime": "0424/172741", "correlationVector":"rfHhD62mF8dgkmHsUkRZRc.2","action":"Commit Response", "result":"Success", "context":Result: Success. cV=rfHhD62mF8dgkmHsUkRZRc.0;server=akswtt01100001d;cloudType=Consumer;environment=Prod_southindia_prod-s01-004-apac-southindia;migrationStage=NotStarted}
{"logTime": "0424/172753", "correlationVector":"1HbfUwdmVa9SZmcsoDV+Gb","action":"Commit Request", "result":"", "context":Item count: 1
Contributing types: Device Info}
{"logTime": "0424/172754", "correlationVector":"1HbfUwdmVa9SZmcsoDV+Gb.1","action":"SyncServerConnectionManagerRequest", "result":"SYNC_SERVER_OK", "context":{"environment":"Prod_southindia_prod-s01-004-apac-southindia", "migrationStage":"NotStarted", "server":"akswtt011000021"}}
{"logTime": "0424/172754", "correlationVector":"1HbfUwdmVa9SZmcsoDV+Gb.2","action":"Commit Response", "result":"Success", "context":Result: Success. cV=1HbfUwdmVa9SZmcsoDV+Gb.0;server=akswtt011000021;cloudType=Consumer;environment=Prod_southindia_prod-s01-004-apac-southindia;migrationStage=NotStarted}
{"logTime": "0424/173234", "correlationVector":"qQKE0tvF9iuz1VudjrUNVU","action":"Commit Request", "result":"", "context":Item count: 1
Contributing types: History}
{"logTime": "0424/173234", "correlationVector":"qQKE0tvF9iuz1VudjrUNVU.1","action":"SyncServerConnectionManagerRequest", "result":"SYNC_SERVER_OK", "context":{"environment":"Prod_southindia_prod-s01-004-apac-southindia", "migrationStage":"NotStarted", "server":"akswtt011000022"}}
{"logTime": "0424/173234", "correlationVector":"qQKE0tvF9iuz1VudjrUNVU.2","action":"Commit Response", "result":"Success", "context":Result: Success. cV=qQKE0tvF9iuz1VudjrUNVU.0;server=akswtt011000022;cloudType=Consumer;environment=Prod_southindia_prod-s01-004-apac-southindia;migrationStage=NotStarted}
{"logTime": "0424/173419", "correlationVector":"Z8zxeQYRNoN6DjuRhHrnEI","action":"Commit Request", "result":"", "context":Item count: 3
Contributing types: Sessions, History}
{"logTime": "0424/173420", "correlationVector":"Z8zxeQYRNoN6DjuRhHrnEI.1","action":"SyncServerConnectionManagerRequest", "result":"SYNC_SERVER_OK", "context":{"environment":"Prod_southindia_prod-s01-004-apac-southindia", "migrationStage":"NotStarted", "server":"akswtt01100001s"}}
{"logTime": "0424/173420", "correlationVector":"Z8zxeQYRNoN6DjuRhHrnEI.2","action":"Commit Response", "result":"Success", "context":Result: Success. cV=Z8zxeQYRNoN6DjuRhHrnEI.0;server=akswtt01100001s;cloudType=Consumer;environment=Prod_southindia_prod-s01-004-apac-southindia;migrationStage=NotStarted}
{"logTime": "0424/173643", "correlationVector":"g7/QXzNxCs9W81Usu7IyJK","action":"Normal GetUpdate request", "result":"", "context":cV=g7/QXzNxCs9W81Usu7IyJK
Notified types: History}
{"logTime": "0424/173644", "correlationVector":"g7/QXzNxCs9W81Usu7IyJK.1","action":"SyncServerConnectionManagerRequest", "result":"SYNC_SERVER_OK", "context":{"environment":"Prod_southindia_prod-s01-004-apac-southindia", "migrationStage":"NotStarted", "server":"akswtt01100002j"}}
{"logTime": "0424/173644", "correlationVector":"g7/QXzNxCs9W81Usu7IyJK.2","action":"ProcessGetUpdates", "result":"Done", "context":{"dataType":"Sessions", "deleted":"0", "process_failed_to_decrypt":"0", "process_pending_decryption":"0", "process_success":"3", "total":"3"}}
{"logTime": "0424/173644", "correlationVector":"g7/QXzNxCs9W81Usu7IyJK.3","action":"ProcessGetUpdates", "result":"Done", "context":{"dataType":"Device Info", "deleted":"0", "process_failed_to_decrypt":"0", "process_pending_decryption":"0", "process_success":"1", "total":"1"}}
{"logTime": "0424/173644", "correlationVector":"g7/QXzNxCs9W81Usu7IyJK.4","action":"ProcessGetUpdates", "result":"Done", "context":{"dataType":"History", "deleted":"0", "process_failed_to_decrypt":"0", "process_pending_decryption":"0", "process_success":"8", "total":"8"}}
{"logTime": "0424/173644", "correlationVector":"g7/QXzNxCs9W81Usu7IyJK.5","action":"GetUpdates Response", "result":"Success", "context":Received 12 update(s). cV=g7/QXzNxCs9W81Usu7IyJK.0;server=akswtt01100002j;cloudType=Consumer;environment=Prod_southindia_prod-s01-004-apac-southindia;migrationStage=NotStarted}
{"logTime": "0424/173728", "correlationVector":"Tc8kFiLGKYyCI+8FTOi+z0","action":"Normal GetUpdate request", "result":"", "context":cV=Tc8kFiLGKYyCI+8FTOi+z0
Notified types: Autofill, History}
{"logTime": "0424/173728", "correlationVector":"Tc8kFiLGKYyCI+8FTOi+z0.1","action":"SyncServerConnectionManagerRequest", "result":"SYNC_SERVER_OK", "context":{"environment":"Prod_southindia_prod-s01-004-apac-southindia", "migrationStage":"NotStarted", "server":"akswtt01100005e"}}
{"logTime": "0424/173728", "correlationVector":"Tc8kFiLGKYyCI+8FTOi+z0.2","action":"ProcessGetUpdates", "result":"Done", "context":{"dataType":"Autofill", "deleted":"0", "process_failed_to_decrypt":"0", "process_pending_decryption":"0", "process_success":"1", "total":"1"}}
{"logTime": "0424/173728", "correlationVector":"Tc8kFiLGKYyCI+8FTOi+z0.3","action":"ProcessGetUpdates", "result":"Done", "context":{"dataType":"Sessions", "deleted":"0", "process_failed_to_decrypt":"0", "process_pending_decryption":"0", "process_success":"1", "total":"1"}}
{"logTime": "0424/173728", "correlationVector":"Tc8kFiLGKYyCI+8FTOi+z0.4","action":"ProcessGetUpdates", "result":"Done", "context":{"dataType":"History", "deleted":"0", "process_failed_to_decrypt":"0", "process_pending_decryption":"0", "process_success":"2", "total":"2"}}
{"logTime": "0424/173728", "correlationVector":"Tc8kFiLGKYyCI+8FTOi+z0.5","action":"GetUpdates Response", "result":"Success", "context":Received 4 update(s). cV=Tc8kFiLGKYyCI+8FTOi+z0.0;server=akswtt01100005e;cloudType=Consumer;environment=Prod_southindia_prod-s01-004-apac-southindia;migrationStage=NotStarted}
{"logTime": "0424/173837", "correlationVector":"Xo0fy/2cDFO4sx+hoA71jE","action":"Normal GetUpdate request", "result":"", "context":cV=Xo0fy/2cDFO4sx+hoA71jE
Notified types: History}
{"logTime": "0424/173838", "correlationVector":"Xo0fy/2cDFO4sx+hoA71jE.1","action":"SyncServerConnectionManagerRequest", "result":"SYNC_SERVER_OK", "context":{"environment":"Prod_southindia_prod-s01-004-apac-southindia", "migrationStage":"NotStarted", "server":"akswtt011000016"}}
{"logTime": "0424/173838", "correlationVector":"Xo0fy/2cDFO4sx+hoA71jE.2","action":"ProcessGetUpdates", "result":"Done", "context":{"dataType":"Sessions", "deleted":"0", "process_failed_to_decrypt":"0", "process_pending_decryption":"0", "process_success":"1", "total":"1"}}
{"logTime": "0424/173838", "correlationVector":"Xo0fy/2cDFO4sx+hoA71jE.3","action":"ProcessGetUpdates", "result":"Done", "context":{"dataType":"History", "deleted":"0", "process_failed_to_decrypt":"0", "process_pending_decryption":"0", "process_success":"3", "total":"3"}}
{"logTime": "0424/173838", "correlationVector":"Xo0fy/2cDFO4sx+hoA71jE.4","action":"GetUpdates Response", "result":"Success", "context":Received 4 update(s). cV=Xo0fy/2cDFO4sx+hoA71jE.0;server=akswtt011000016;cloudType=Consumer;environment=Prod_southindia_prod-s01-004-apac-southindia;migrationStage=NotStarted}
